<?xml version="1.0" encoding="UTF-8"?>
<!-- Generated by org.testng.reporters.JUnitReportReporter -->
<testsuite hostname="Analyst" name="topicsSelenium.Screenshot_JS" tests="1" failures="0" timestamp="16 Apr 2017 18:23:56 GMT" time="7.334" errors="0">
  <testcase name="login" time="7.334" classname="topicsSelenium.Screenshot_JS"/>
</testsuite> <!-- topicsSelenium.Screenshot_JS -->
