<?xml version="1.0" encoding="UTF-8"?>
<!-- Generated by org.testng.reporters.JUnitReportReporter -->
<testsuite hostname="Analyst" name="topicsAppium.Fbtest" tests="1" failures="0" timestamp="14 Apr 2017 17:17:00 GMT" time="28.198" errors="0">
  <testcase name="fblogin" time="28.198" classname="topicsAppium.Fbtest"/>
</testsuite> <!-- topicsAppium.Fbtest -->
