<?xml version="1.0" encoding="UTF-8"?>
<!-- Generated by org.testng.reporters.JUnitReportReporter -->
<testsuite hostname="Analyst" name="topicsSelenium.HomePage" tests="3" failures="0" timestamp="21 Apr 2017 03:03:17 GMT" time="43.930" errors="1">
  <testcase name="BlackboardLink" time="0.090" classname="topicsSelenium.HomePage">
    <error type="java.lang.StackOverflowError">
      <![CDATA[java.lang.StackOverflowError
	at topicsSelenium.Ucm_Objects.BlackBoard_link(Ucm_Objects.java:50)
	at topicsSelenium.Ucm_Objects.BlackBoard_link(Ucm_Objects.java:50)
	at topicsSelenium.Ucm_Objects.BlackBoard_link(Ucm_Objects.java:50)
	at topicsSelenium.Ucm_Objects.BlackBoard_link(Ucm_Objects.java:50)
	at topicsSelenium.Ucm_Objects.BlackBoard_link(Ucm_Objects.java:50)
	at topicsSelenium.Ucm_Objects.BlackBoard_link(Ucm_Objects.java:50)
	at topicsSelenium.Ucm_Objects.BlackBoard_link(Ucm_Objects.java:50)
	at topicsSelenium.Ucm_Objects.BlackBoard_link(Ucm_Objects.java:50)
	at topicsSelenium.Ucm_Objects.BlackBoard_link(Ucm_Objects.java:50)
	at topicsSelenium.Ucm_Objects.BlackBoard_link(Ucm_Objects.java:50)
	at topicsSelenium.Ucm_Objects.BlackBoard_link(Ucm_Objects.java:50)
	at topicsSelenium.Ucm_Objects.BlackBoard_link(Ucm_Objects.java:50)
	at topicsSelenium.Ucm_Objects.BlackBoard_link(Ucm_Objects.java:50)
	at topicsSelenium.Ucm_Objects.BlackBoard_link(Ucm_Objects.java:50)
	at topicsSelenium.Ucm_Objects.BlackBoard_link(Ucm_Objects.java:50)
	at topicsSelenium.Ucm_Objects.BlackBoard_link(Ucm_Objects.java:50)
	at topicsSelenium.Ucm_Objects.BlackBoard_link(Ucm_Objects.java:50)
	at topicsSelenium.Ucm_Objects.BlackBoard_link(Ucm_Objects.java:50)
	at topicsSelenium.Ucm_Objects.BlackBoard_link(Ucm_Objects.java:50)
	at topicsSelenium.Ucm_Objects.BlackBoard_link(Ucm_Objects.java:50)
	at topicsSelenium.Ucm_Objects.BlackBoard_link(Ucm_Objects.java:50)
	at topicsSelenium.Ucm_Objects.BlackBoard_link(Ucm_Objects.java:50)
	at topicsSelenium.Ucm_Objects.BlackBoard_link(Ucm_Objects.java:50)
	at topicsSelenium.Ucm_Objects.BlackBoard_link(Ucm_Objects.java:50)
	at topicsSelenium.Ucm_Objects.BlackBoard_link(Ucm_Objects.java:50)
	at topicsSelenium.Ucm_Objects.BlackBoard_link(Ucm_Objects.java:50)
	at topicsSelenium.Ucm_Objects.BlackBoard_link(Ucm_Objects.java:50)
	at topicsSelenium.Ucm_Objects.BlackBoard_link(Ucm_Objects.java:50)
	at topicsSelenium.Ucm_Objects.BlackBoard_link(Ucm_Objects.java:50)
	at topicsSelenium.Ucm_Objects.BlackBoard_link(Ucm_Objects.java:50)
	at topicsSelenium.Ucm_Objects.BlackBoard_link(Ucm_Objects.java:50)
	at topicsSelenium.Ucm_Objects.BlackBoard_link(Ucm_Objects.java:50)
	at topicsSelenium.Ucm_Objects.BlackBoard_link(Ucm_Objects.java:50)
	at topicsSelenium.Ucm_Objects.BlackBoard_link(Ucm_Objects.java:50)
	at topicsSelenium.Ucm_Objects.BlackBoard_link(Ucm_Objects.java:50)
	at topicsSelenium.Ucm_Objects.BlackBoard_link(Ucm_Objects.java:50)
	at topicsSelenium.Ucm_Objects.BlackBoard_link(Ucm_Objects.java:50)
	at topicsSelenium.Ucm_Objects.BlackBoard_link(Ucm_Objects.java:50)
	at topicsSelenium.Ucm_Objects.BlackBoard_link(Ucm_Objects.java:50)
	at topicsSelenium.Ucm_Objects.BlackBoard_link(Ucm_Objects.java:50)
	at topicsSelenium.Ucm_Objects.BlackBoard_link(Ucm_Objects.java:50)
	at topicsSelenium.Ucm_Objects.BlackBoard_link(Ucm_Objects.java:50)
	at topicsSelenium.Ucm_Objects.BlackBoard_link(Ucm_Objects.java:50)
	at topicsSelenium.Ucm_Objects.BlackBoard_link(Ucm_Objects.java:50)
	at topicsSelenium.Ucm_Objects.BlackBoard_link(Ucm_Objects.java:50)
	at topicsSelenium.Ucm_Objects.BlackBoard_link(Ucm_Objects.java:50)
	at topicsSelenium.Ucm_Objects.BlackBoard_link(Ucm_Objects.java:50)
	at topicsSelenium.Ucm_Objects.BlackBoard_link(Ucm_Objects.java:50)
	at topicsSelenium.Ucm_Objects.BlackBoard_link(Ucm_Objects.java:50)
	at topicsSelenium.Ucm_Objects.BlackBoard_link(Ucm_Objects.java:50)
	at topicsSelenium.Ucm_Objects.BlackBoard_link(Ucm_Objects.java:50)
	at topicsSelenium.Ucm_Objects.BlackBoard_link(Ucm_Objects.java:50)
	at topicsSelenium.Ucm_Objects.BlackBoard_link(Ucm_Objects.java:50)
	at topicsSelenium.Ucm_Objects.BlackBoard_link(Ucm_Objects.java:50)
	at topicsSelenium.Ucm_Objects.BlackBoard_link(Ucm_Objects.java:50)
	at topicsSelenium.Ucm_Objects.BlackBoard_link(Ucm_Objects.java:50)
	at topicsSelenium.Ucm_Objects.BlackBoard_link(Ucm_Objects.java:50)
	at topicsSelenium.Ucm_Objects.BlackBoard_link(Ucm_Objects.java:50)
	at topicsSelenium.Ucm_Objects.BlackBoard_link(Ucm_Objects.java:50)
	at topicsSelenium.Ucm_Objects.BlackBoard_link(Ucm_Objects.java:50)
	at topicsSelenium.Ucm_Objects.BlackBoard_link(Ucm_Objects.java:50)
	at topicsSelenium.Ucm_Objects.BlackBoard_link(Ucm_Objects.java:50)
	at topicsSelenium.Ucm_Objects.BlackBoard_link(Ucm_Objects.java:50)
	at topicsSelenium.Ucm_Objects.BlackBoard_link(Ucm_Objects.java:50)
	at topicsSelenium.Ucm_Objects.BlackBoard_link(Ucm_Objects.java:50)
	at topicsSelenium.Ucm_Objects.BlackBoard_link(Ucm_Objects.java:50)
	at topicsSelenium.Ucm_Objects.BlackBoard_link(Ucm_Objects.java:50)
	at topicsSelenium.Ucm_Objects.BlackBoard_link(Ucm_Objects.java:50)
	at topicsSelenium.Ucm_Objects.BlackBoard_link(Ucm_Objects.java:50)
	at topicsSelenium.Ucm_Objects.BlackBoard_link(Ucm_Objects.java:50)
	at topicsSelenium.Ucm_Objects.BlackBoard_link(Ucm_Objects.java:50)
	at topicsSelenium.Ucm_Objects.BlackBoard_link(Ucm_Objects.java:50)
	at topicsSelenium.Ucm_Objects.BlackBoard_link(Ucm_Objects.java:50)
	at topicsSelenium.Ucm_Objects.BlackBoard_link(Ucm_Objects.java:50)
	at topicsSelenium.Ucm_Objects.BlackBoard_link(Ucm_Objects.java:50)
	at topicsSelenium.Ucm_Objects.BlackBoard_link(Ucm_Objects.java:50)
	at topicsSelenium.Ucm_Objects.BlackBoard_link(Ucm_Objects.java:50)
	at topicsSelenium.Ucm_Objects.BlackBoard_link(Ucm_Objects.java:50)
	at topicsSelenium.Ucm_Objects.BlackBoard_link(Ucm_Objects.java:50)
	at topicsSelenium.Ucm_Objects.BlackBoard_link(Ucm_Objects.java:50)
	at topicsSelenium.Ucm_Objects.BlackBoard_link(Ucm_Objects.java:50)
	at topicsSelenium.Ucm_Objects.BlackBoard_link(Ucm_Objects.java:50)
	at topicsSelenium.Ucm_Objects.BlackBoard_link(Ucm_Objects.java:50)
	at topicsSelenium.Ucm_Objects.BlackBoard_link(Ucm_Objects.java:50)
	at topicsSelenium.Ucm_Objects.BlackBoard_link(Ucm_Objects.java:50)
	at topicsSelenium.Ucm_Objects.BlackBoard_link(Ucm_Objects.java:50)
	at topicsSelenium.Ucm_Objects.BlackBoard_link(Ucm_Objects.java:50)
	at topicsSelenium.Ucm_Objects.BlackBoard_link(Ucm_Objects.java:50)
	at topicsSelenium.Ucm_Objects.BlackBoard_link(Ucm_Objects.java:50)
	at topicsSelenium.Ucm_Objects.BlackBoard_link(Ucm_Objects.java:50)
	at topicsSelenium.Ucm_Objects.BlackBoard_link(Ucm_Objects.java:50)
	at topicsSelenium.Ucm_Objects.BlackBoard_link(Ucm_Objects.java:50)
	at topicsSelenium.Ucm_Objects.BlackBoard_link(Ucm_Objects.java:50)
	at topicsSelenium.Ucm_Objects.BlackBoard_link(Ucm_Objects.java:50)
	at topicsSelenium.Ucm_Objects.BlackBoard_link(Ucm_Objects.java:50)
	at topicsSelenium.Ucm_Objects.BlackBoard_link(Ucm_Objects.java:50)
	at topicsSelenium.Ucm_Objects.BlackBoard_link(Ucm_Objects.java:50)
	at topicsSelenium.Ucm_Objects.BlackBoard_link(Ucm_Objects.java:50)
	at topicsSelenium.Ucm_Objects.BlackBoard_link(Ucm_Objects.java:50)
	at topicsSelenium.Ucm_Objects.BlackBoard_link(Ucm_Objects.java:50)
	at topicsSelenium.Ucm_Objects.BlackBoard_link(Ucm_Objects.java:50)
	at topicsSelenium.Ucm_Objects.BlackBoard_link(Ucm_Objects.java:50)
	at topicsSelenium.Ucm_Objects.BlackBoard_link(Ucm_Objects.java:50)
	at topicsSelenium.Ucm_Objects.BlackBoard_link(Ucm_Objects.java:50)
	at topicsSelenium.Ucm_Objects.BlackBoard_link(Ucm_Objects.java:50)
	at topicsSelenium.Ucm_Objects.BlackBoard_link(Ucm_Objects.java:50)
	at topicsSelenium.Ucm_Objects.BlackBoard_link(Ucm_Objects.java:50)
	at topicsSelenium.Ucm_Objects.BlackBoard_link(Ucm_Objects.java:50)
	at topicsSelenium.Ucm_Objects.BlackBoard_link(Ucm_Objects.java:50)
	at topicsSelenium.Ucm_Objects.BlackBoard_link(Ucm_Objects.java:50)
	at topicsSelenium.Ucm_Objects.BlackBoard_link(Ucm_Objects.java:50)
	at topicsSelenium.Ucm_Objects.BlackBoard_link(Ucm_Objects.java:50)
	at topicsSelenium.Ucm_Objects.BlackBoard_link(Ucm_Objects.java:50)
	at topicsSelenium.Ucm_Objects.BlackBoard_link(Ucm_Objects.java:50)
	at topicsSelenium.Ucm_Objects.BlackBoard_link(Ucm_Objects.java:50)
	at topicsSelenium.Ucm_Objects.BlackBoard_link(Ucm_Objects.java:50)
	at topicsSelenium.Ucm_Objects.BlackBoard_link(Ucm_Objects.java:50)
	at topicsSelenium.Ucm_Objects.BlackBoard_link(Ucm_Objects.java:50)
	at topicsSelenium.Ucm_Objects.BlackBoard_link(Ucm_Objects.java:50)
	at topicsSelenium.Ucm_Objects.BlackBoard_link(Ucm_Objects.java:50)
	at topicsSelenium.Ucm_Objects.BlackBoard_link(Ucm_Objects.java:50)
	at topicsSelenium.Ucm_Objects.BlackBoard_link(Ucm_Objects.java:50)
	at topicsSelenium.Ucm_Objects.BlackBoard_link(Ucm_Objects.java:50)
	at topicsSelenium.Ucm_Objects.BlackBoard_link(Ucm_Objects.java:50)
	at topicsSelenium.Ucm_Objects.BlackBoard_link(Ucm_Objects.java:50)
	at topicsSelenium.Ucm_Objects.BlackBoard_link(Ucm_Objects.java:50)
	at topicsSelenium.Ucm_Objects.BlackBoard_link(Ucm_Objects.java:50)
	at topicsSelenium.Ucm_Objects.BlackBoard_link(Ucm_Objects.java:50)
	at topicsSelenium.Ucm_Objects.BlackBoard_link(Ucm_Objects.java:50)
	at topicsSelenium.Ucm_Objects.BlackBoard_link(Ucm_Objects.java:50)
	at topicsSelenium.Ucm_Objects.BlackBoard_link(Ucm_Objects.java:50)
	at topicsSelenium.Ucm_Objects.BlackBoard_link(Ucm_Objects.java:50)
	at topicsSelenium.Ucm_Objects.BlackBoard_link(Ucm_Objects.java:50)
	at topicsSelenium.Ucm_Objects.BlackBoard_link(Ucm_Objects.java:50)
	at topicsSelenium.Ucm_Objects.BlackBoard_link(Ucm_Objects.java:50)
	at topicsSelenium.Ucm_Objects.BlackBoard_link(Ucm_Objects.java:50)
	at topicsSelenium.Ucm_Objects.BlackBoard_link(Ucm_Objects.java:50)
	at topicsSelenium.Ucm_Objects.BlackBoard_link(Ucm_Objects.java:50)
	at topicsSelenium.Ucm_Objects.BlackBoard_link(Ucm_Objects.java:50)
	at topicsSelenium.Ucm_Objects.BlackBoard_link(Ucm_Objects.java:50)
	at topicsSelenium.Ucm_Objects.BlackBoard_link(Ucm_Objects.java:50)
	at topicsSelenium.Ucm_Objects.BlackBoard_link(Ucm_Objects.java:50)
	at topicsSelenium.Ucm_Objects.BlackBoard_link(Ucm_Objects.java:50)
	at topicsSelenium.Ucm_Objects.BlackBoard_link(Ucm_Objects.java:50)
	at topicsSelenium.Ucm_Objects.BlackBoard_link(Ucm_Objects.java:50)
	at topicsSelenium.Ucm_Objects.BlackBoard_link(Ucm_Objects.java:50)
	at topicsSelenium.Ucm_Objects.BlackBoard_link(Ucm_Objects.java:50)
	at topicsSelenium.Ucm_Objects.BlackBoard_link(Ucm_Objects.java:50)
	at topicsSelenium.Ucm_Objects.BlackBoard_link(Ucm_Objects.java:50)
	at topicsSelenium.Ucm_Objects.BlackBoard_link(Ucm_Objects.java:50)
	at topicsSelenium.Ucm_Objects.BlackBoard_link(Ucm_Objects.java:50)
	at topicsSelenium.Ucm_Objects.BlackBoard_link(Ucm_Objects.java:50)
	at topicsSelenium.Ucm_Objects.BlackBoard_link(Ucm_Objects.java:50)
	at topicsSelenium.Ucm_Objects.BlackBoard_link(Ucm_Objects.java:50)
	at topicsSelenium.Ucm_Objects.BlackBoard_link(Ucm_Objects.java:50)
	at topicsSelenium.Ucm_Objects.BlackBoard_link(Ucm_Objects.java:50)
	at topicsSelenium.Ucm_Objects.BlackBoard_link(Ucm_Objects.java:50)
	at topicsSelenium.Ucm_Objects.BlackBoard_link(Ucm_Objects.java:50)
	at topicsSelenium.Ucm_Objects.BlackBoard_link(Ucm_Objects.java:50)
	at topicsSelenium.Ucm_Objects.BlackBoard_link(Ucm_Objects.java:50)
	at topicsSelenium.Ucm_Objects.BlackBoard_link(Ucm_Objects.java:50)
	at topicsSelenium.Ucm_Objects.BlackBoard_link(Ucm_Objects.java:50)
	at topicsSelenium.Ucm_Objects.BlackBoard_link(Ucm_Objects.java:50)
	at topicsSelenium.Ucm_Objects.BlackBoard_link(Ucm_Objects.java:50)
	at topicsSelenium.Ucm_Objects.BlackBoard_link(Ucm_Objects.java:50)
	at topicsSelenium.Ucm_Objects.BlackBoard_link(Ucm_Objects.java:50)
	at topicsSelenium.Ucm_Objects.BlackBoard_link(Ucm_Objects.java:50)
	at topicsSelenium.Ucm_Objects.BlackBoard_link(Ucm_Objects.java:50)
	at topicsSelenium.Ucm_Objects.BlackBoard_link(Ucm_Objects.java:50)
	at topicsSelenium.Ucm_Objects.BlackBoard_link(Ucm_Objects.java:50)
	at topicsSelenium.Ucm_Objects.BlackBoard_link(Ucm_Objects.java:50)
	at topicsSelenium.Ucm_Objects.BlackBoard_link(Ucm_Objects.java:50)
	at topicsSelenium.Ucm_Objects.BlackBoard_link(Ucm_Objects.java:50)
	at topicsSelenium.Ucm_Objects.BlackBoard_link(Ucm_Objects.java:50)
	at topicsSelenium.Ucm_Objects.BlackBoard_link(Ucm_Objects.java:50)
	at topicsSelenium.Ucm_Objects.BlackBoard_link(Ucm_Objects.java:50)
	at topicsSelenium.Ucm_Objects.BlackBoard_link(Ucm_Objects.java:50)
	at topicsSelenium.Ucm_Objects.BlackBoard_link(Ucm_Objects.java:50)
	at topicsSelenium.Ucm_Objects.BlackBoard_link(Ucm_Objects.java:50)
	at topicsSelenium.Ucm_Objects.BlackBoard_link(Ucm_Objects.java:50)
	at topicsSelenium.Ucm_Objects.BlackBoard_link(Ucm_Objects.java:50)
	at topicsSelenium.Ucm_Objects.BlackBoard_link(Ucm_Objects.java:50)
	at topicsSelenium.Ucm_Objects.BlackBoard_link(Ucm_Objects.java:50)
	at topicsSelenium.Ucm_Objects.BlackBoard_link(Ucm_Objects.java:50)
	at topicsSelenium.Ucm_Objects.BlackBoard_link(Ucm_Objects.java:50)
	at topicsSelenium.Ucm_Objects.BlackBoard_link(Ucm_Objects.java:50)
	at topicsSelenium.Ucm_Objects.BlackBoard_link(Ucm_Objects.java:50)
	at topicsSelenium.Ucm_Objects.BlackBoard_link(Ucm_Objects.java:50)
	at topicsSelenium.Ucm_Objects.BlackBoard_link(Ucm_Objects.java:50)
	at topicsSelenium.Ucm_Objects.BlackBoard_link(Ucm_Objects.java:50)
	at topicsSelenium.Ucm_Objects.BlackBoard_link(Ucm_Objects.java:50)
	at topicsSelenium.Ucm_Objects.BlackBoard_link(Ucm_Objects.java:50)
	at topicsSelenium.Ucm_Objects.BlackBoard_link(Ucm_Objects.java:50)
	at topicsSelenium.Ucm_Objects.BlackBoard_link(Ucm_Objects.java:50)
	at topicsSelenium.Ucm_Objects.BlackBoard_link(Ucm_Objects.java:50)
	at topicsSelenium.Ucm_Objects.BlackBoard_link(Ucm_Objects.java:50)
	at topicsSelenium.Ucm_Objects.BlackBoard_link(Ucm_Objects.java:50)
	at topicsSelenium.Ucm_Objects.BlackBoard_link(Ucm_Objects.java:50)
	at topicsSelenium.Ucm_Objects.BlackBoard_link(Ucm_Objects.java:50)
	at topicsSelenium.Ucm_Objects.BlackBoard_link(Ucm_Objects.java:50)
	at topicsSelenium.Ucm_Objects.BlackBoard_link(Ucm_Objects.java:50)
	at topicsSelenium.Ucm_Objects.BlackBoard_link(Ucm_Objects.java:50)
	at topicsSelenium.Ucm_Objects.BlackBoard_link(Ucm_Objects.java:50)
	at topicsSelenium.Ucm_Objects.BlackBoard_link(Ucm_Objects.java:50)
	at topicsSelenium.Ucm_Objects.BlackBoard_link(Ucm_Objects.java:50)
	at topicsSelenium.Ucm_Objects.BlackBoard_link(Ucm_Objects.java:50)
	at topicsSelenium.Ucm_Objects.BlackBoard_link(Ucm_Objects.java:50)
	at topicsSelenium.Ucm_Objects.BlackBoard_link(Ucm_Objects.java:50)
	at topicsSelenium.Ucm_Objects.BlackBoard_link(Ucm_Objects.java:50)
	at topicsSelenium.Ucm_Objects.BlackBoard_link(Ucm_Objects.java:50)
	at topicsSelenium.Ucm_Objects.BlackBoard_link(Ucm_Objects.java:50)
	at topicsSelenium.Ucm_Objects.BlackBoard_link(Ucm_Objects.java:50)
	at topicsSelenium.Ucm_Objects.BlackBoard_link(Ucm_Objects.java:50)
	at topicsSelenium.Ucm_Objects.BlackBoard_link(Ucm_Objects.java:50)
	at topicsSelenium.Ucm_Objects.BlackBoard_link(Ucm_Objects.java:50)
	at topicsSelenium.Ucm_Objects.BlackBoard_link(Ucm_Objects.java:50)
	at topicsSelenium.Ucm_Objects.BlackBoard_link(Ucm_Objects.java:50)
	at topicsSelenium.Ucm_Objects.BlackBoard_link(Ucm_Objects.java:50)
	at topicsSelenium.Ucm_Objects.BlackBoard_link(Ucm_Objects.java:50)
	at topicsSelenium.Ucm_Objects.BlackBoard_link(Ucm_Objects.java:50)
	at topicsSelenium.Ucm_Objects.BlackBoard_link(Ucm_Objects.java:50)
	at topicsSelenium.Ucm_Objects.BlackBoard_link(Ucm_Objects.java:50)
	at topicsSelenium.Ucm_Objects.BlackBoard_link(Ucm_Objects.java:50)
	at topicsSelenium.Ucm_Objects.BlackBoard_link(Ucm_Objects.java:50)
	at topicsSelenium.Ucm_Objects.BlackBoard_link(Ucm_Objects.java:50)
	at topicsSelenium.Ucm_Objects.BlackBoard_link(Ucm_Objects.java:50)
	at topicsSelenium.Ucm_Objects.BlackBoard_link(Ucm_Objects.java:50)
	at topicsSelenium.Ucm_Objects.BlackBoard_link(Ucm_Objects.java:50)
	at topicsSelenium.Ucm_Objects.BlackBoard_link(Ucm_Objects.java:50)
	at topicsSelenium.Ucm_Objects.BlackBoard_link(Ucm_Objects.java:50)
	at topicsSelenium.Ucm_Objects.BlackBoard_link(Ucm_Objects.java:50)
	at topicsSelenium.Ucm_Objects.BlackBoard_link(Ucm_Objects.java:50)
	at topicsSelenium.Ucm_Objects.BlackBoard_link(Ucm_Objects.java:50)
	at topicsSelenium.Ucm_Objects.BlackBoard_link(Ucm_Objects.java:50)
	at topicsSelenium.Ucm_Objects.BlackBoard_link(Ucm_Objects.java:50)
	at topicsSelenium.Ucm_Objects.BlackBoard_link(Ucm_Objects.java:50)
	at topicsSelenium.Ucm_Objects.BlackBoard_link(Ucm_Objects.java:50)
	at topicsSelenium.Ucm_Objects.BlackBoard_link(Ucm_Objects.java:50)
	at topicsSelenium.Ucm_Objects.BlackBoard_link(Ucm_Objects.java:50)
	at topicsSelenium.Ucm_Objects.BlackBoard_link(Ucm_Objects.java:50)
	at topicsSelenium.Ucm_Objects.BlackBoard_link(Ucm_Objects.java:50)
	at topicsSelenium.Ucm_Objects.BlackBoard_link(Ucm_Objects.java:50)
	at topicsSelenium.Ucm_Objects.BlackBoard_link(Ucm_Objects.java:50)
	at topicsSelenium.Ucm_Objects.BlackBoard_link(Ucm_Objects.java:50)
	at topicsSelenium.Ucm_Objects.BlackBoard_link(Ucm_Objects.java:50)
	at topicsSelenium.Ucm_Objects.BlackBoard_link(Ucm_Objects.java:50)
	at topicsSelenium.Ucm_Objects.BlackBoard_link(Ucm_Objects.java:50)
	at topicsSelenium.Ucm_Objects.BlackBoard_link(Ucm_Objects.java:50)
	at topicsSelenium.Ucm_Objects.BlackBoard_link(Ucm_Objects.java:50)
	at topicsSelenium.Ucm_Objects.BlackBoard_link(Ucm_Objects.java:50)
	at topicsSelenium.Ucm_Objects.BlackBoard_link(Ucm_Objects.java:50)
	at topicsSelenium.Ucm_Objects.BlackBoard_link(Ucm_Objects.java:50)
	at topicsSelenium.Ucm_Objects.BlackBoard_link(Ucm_Objects.java:50)
	at topicsSelenium.Ucm_Objects.BlackBoard_link(Ucm_Objects.java:50)
	at topicsSelenium.Ucm_Objects.BlackBoard_link(Ucm_Objects.java:50)
	at topicsSelenium.Ucm_Objects.BlackBoard_link(Ucm_Objects.java:50)
	at topicsSelenium.Ucm_Objects.BlackBoard_link(Ucm_Objects.java:50)
	at topicsSelenium.Ucm_Objects.BlackBoard_link(Ucm_Objects.java:50)
	at topicsSelenium.Ucm_Objects.BlackBoard_link(Ucm_Objects.java:50)
	at topicsSelenium.Ucm_Objects.BlackBoard_link(Ucm_Objects.java:50)
	at topicsSelenium.Ucm_Objects.BlackBoard_link(Ucm_Objects.java:50)
	at topicsSelenium.Ucm_Objects.BlackBoard_link(Ucm_Objects.java:50)
	at topicsSelenium.Ucm_Objects.BlackBoard_link(Ucm_Objects.java:50)
	at topicsSelenium.Ucm_Objects.BlackBoard_link(Ucm_Objects.java:50)
	at topicsSelenium.Ucm_Objects.BlackBoard_link(Ucm_Objects.java:50)
	at topicsSelenium.Ucm_Objects.BlackBoard_link(Ucm_Objects.java:50)
	at topicsSelenium.Ucm_Objects.BlackBoard_link(Ucm_Objects.java:50)
	at topicsSelenium.Ucm_Objects.BlackBoard_link(Ucm_Objects.java:50)
	at topicsSelenium.Ucm_Objects.BlackBoard_link(Ucm_Objects.java:50)
	at topicsSelenium.Ucm_Objects.BlackBoard_link(Ucm_Objects.java:50)
	at topicsSelenium.Ucm_Objects.BlackBoard_link(Ucm_Objects.java:50)
	at topicsSelenium.Ucm_Objects.BlackBoard_link(Ucm_Objects.java:50)
	at topicsSelenium.Ucm_Objects.BlackBoard_link(Ucm_Objects.java:50)
	at topicsSelenium.Ucm_Objects.BlackBoard_link(Ucm_Objects.java:50)
	at topicsSelenium.Ucm_Objects.BlackBoard_link(Ucm_Objects.java:50)
	at topicsSelenium.Ucm_Objects.BlackBoard_link(Ucm_Objects.java:50)
	at topicsSelenium.Ucm_Objects.BlackBoard_link(Ucm_Objects.java:50)
	at topicsSelenium.Ucm_Objects.BlackBoard_link(Ucm_Objects.java:50)
	at topicsSelenium.Ucm_Objects.BlackBoard_link(Ucm_Objects.java:50)
	at topicsSelenium.Ucm_Objects.BlackBoard_link(Ucm_Objects.java:50)
	at topicsSelenium.Ucm_Objects.BlackBoard_link(Ucm_Objects.java:50)
	at topicsSelenium.Ucm_Objects.BlackBoard_link(Ucm_Objects.java:50)
	at topicsSelenium.Ucm_Objects.BlackBoard_link(Ucm_Objects.java:50)
	at topicsSelenium.Ucm_Objects.BlackBoard_link(Ucm_Objects.java:50)
	at topicsSelenium.Ucm_Objects.BlackBoard_link(Ucm_Objects.java:50)
	at topicsSelenium.Ucm_Objects.BlackBoard_link(Ucm_Objects.java:50)
	at topicsSelenium.Ucm_Objects.BlackBoard_link(Ucm_Objects.java:50)
	at topicsSelenium.Ucm_Objects.BlackBoard_link(Ucm_Objects.java:50)
	at topicsSelenium.Ucm_Objects.BlackBoard_link(Ucm_Objects.java:50)
	at topicsSelenium.Ucm_Objects.BlackBoard_link(Ucm_Objects.java:50)
	at topicsSelenium.Ucm_Objects.BlackBoard_link(Ucm_Objects.java:50)
	at topicsSelenium.Ucm_Objects.BlackBoard_link(Ucm_Objects.java:50)
	at topicsSelenium.Ucm_Objects.BlackBoard_link(Ucm_Objects.java:50)
	at topicsSelenium.Ucm_Objects.BlackBoard_link(Ucm_Objects.java:50)
	at topicsSelenium.Ucm_Objects.BlackBoard_link(Ucm_Objects.java:50)
	at topicsSelenium.Ucm_Objects.BlackBoard_link(Ucm_Objects.java:50)
	at topicsSelenium.Ucm_Objects.BlackBoard_link(Ucm_Objects.java:50)
	at topicsSelenium.Ucm_Objects.BlackBoard_link(Ucm_Objects.java:50)
	at topicsSelenium.Ucm_Objects.BlackBoard_link(Ucm_Objects.java:50)
	at topicsSelenium.Ucm_Objects.BlackBoard_link(Ucm_Objects.java:50)
	at topicsSelenium.Ucm_Objects.BlackBoard_link(Ucm_Objects.java:50)
	at topicsSelenium.Ucm_Objects.BlackBoard_link(Ucm_Objects.java:50)
	at topicsSelenium.Ucm_Objects.BlackBoard_link(Ucm_Objects.java:50)
	at topicsSelenium.Ucm_Objects.BlackBoard_link(Ucm_Objects.java:50)
	at topicsSelenium.Ucm_Objects.BlackBoard_link(Ucm_Objects.java:50)
	at topicsSelenium.Ucm_Objects.BlackBoard_link(Ucm_Objects.java:50)
	at topicsSelenium.Ucm_Objects.BlackBoard_link(Ucm_Objects.java:50)
	at topicsSelenium.Ucm_Objects.BlackBoard_link(Ucm_Objects.java:50)
	at topicsSelenium.Ucm_Objects.BlackBoard_link(Ucm_Objects.java:50)
	at topicsSelenium.Ucm_Objects.BlackBoard_link(Ucm_Objects.java:50)
	at topicsSelenium.Ucm_Objects.BlackBoard_link(Ucm_Objects.java:50)
	at topicsSelenium.Ucm_Objects.BlackBoard_link(Ucm_Objects.java:50)
	at topicsSelenium.Ucm_Objects.BlackBoard_link(Ucm_Objects.java:50)
	at topicsSelenium.Ucm_Objects.BlackBoard_link(Ucm_Objects.java:50)
	at topicsSelenium.Ucm_Objects.BlackBoard_link(Ucm_Objects.java:50)
	at topicsSelenium.Ucm_Objects.BlackBoard_link(Ucm_Objects.java:50)
	at topicsSelenium.Ucm_Objects.BlackBoard_link(Ucm_Objects.java:50)
	at topicsSelenium.Ucm_Objects.BlackBoard_link(Ucm_Objects.java:50)
	at topicsSelenium.Ucm_Objects.BlackBoard_link(Ucm_Objects.java:50)
	at topicsSelenium.Ucm_Objects.BlackBoard_link(Ucm_Objects.java:50)
	at topicsSelenium.Ucm_Objects.BlackBoard_link(Ucm_Objects.java:50)
	at topicsSelenium.Ucm_Objects.BlackBoard_link(Ucm_Objects.java:50)
	at topicsSelenium.Ucm_Objects.BlackBoard_link(Ucm_Objects.java:50)
	at topicsSelenium.Ucm_Objects.BlackBoard_link(Ucm_Objects.java:50)
	at topicsSelenium.Ucm_Objects.BlackBoard_link(Ucm_Objects.java:50)
	at topicsSelenium.Ucm_Objects.BlackBoard_link(Ucm_Objects.java:50)
	at topicsSelenium.Ucm_Objects.BlackBoard_link(Ucm_Objects.java:50)
	at topicsSelenium.Ucm_Objects.BlackBoard_link(Ucm_Objects.java:50)
	at topicsSelenium.Ucm_Objects.BlackBoard_link(Ucm_Objects.java:50)
	at topicsSelenium.Ucm_Objects.BlackBoard_link(Ucm_Objects.java:50)
	at topicsSelenium.Ucm_Objects.BlackBoard_link(Ucm_Objects.java:50)
	at topicsSelenium.Ucm_Objects.BlackBoard_link(Ucm_Objects.java:50)
	at topicsSelenium.Ucm_Objects.BlackBoard_link(Ucm_Objects.java:50)
	at topicsSelenium.Ucm_Objects.BlackBoard_link(Ucm_Objects.java:50)
	at topicsSelenium.Ucm_Objects.BlackBoard_link(Ucm_Objects.java:50)
	at topicsSelenium.Ucm_Objects.BlackBoard_link(Ucm_Objects.java:50)
	at topicsSelenium.Ucm_Objects.BlackBoard_link(Ucm_Objects.java:50)
	at topicsSelenium.Ucm_Objects.BlackBoard_link(Ucm_Objects.java:50)
	at topicsSelenium.Ucm_Objects.BlackBoard_link(Ucm_Objects.java:50)
	at topicsSelenium.Ucm_Objects.BlackBoard_link(Ucm_Objects.java:50)
	at topicsSelenium.Ucm_Objects.BlackBoard_link(Ucm_Objects.java:50)
	at topicsSelenium.Ucm_Objects.BlackBoard_link(Ucm_Objects.java:50)
	at topicsSelenium.Ucm_Objects.BlackBoard_link(Ucm_Objects.java:50)
	at topicsSelenium.Ucm_Objects.BlackBoard_link(Ucm_Objects.java:50)
	at topicsSelenium.Ucm_Objects.BlackBoard_link(Ucm_Objects.java:50)
	at topicsSelenium.Ucm_Objects.BlackBoard_link(Ucm_Objects.java:50)
	at topicsSelenium.Ucm_Objects.BlackBoard_link(Ucm_Objects.java:50)
	at topicsSelenium.Ucm_Objects.BlackBoard_link(Ucm_Objects.java:50)
	at topicsSelenium.Ucm_Objects.BlackBoard_link(Ucm_Objects.java:50)
	at topicsSelenium.Ucm_Objects.BlackBoard_link(Ucm_Objects.java:50)
	at topicsSelenium.Ucm_Objects.BlackBoard_link(Ucm_Objects.java:50)
	at topicsSelenium.Ucm_Objects.BlackBoard_link(Ucm_Objects.java:50)
	at topicsSelenium.Ucm_Objects.BlackBoard_link(Ucm_Objects.java:50)
	at topicsSelenium.Ucm_Objects.BlackBoard_link(Ucm_Objects.java:50)
	at topicsSelenium.Ucm_Objects.BlackBoard_link(Ucm_Objects.java:50)
	at topicsSelenium.Ucm_Objects.BlackBoard_link(Ucm_Objects.java:50)
	at topicsSelenium.Ucm_Objects.BlackBoard_link(Ucm_Objects.java:50)
	at topicsSelenium.Ucm_Objects.BlackBoard_link(Ucm_Objects.java:50)
	at topicsSelenium.Ucm_Objects.BlackBoard_link(Ucm_Objects.java:50)
	at topicsSelenium.Ucm_Objects.BlackBoard_link(Ucm_Objects.java:50)
	at topicsSelenium.Ucm_Objects.BlackBoard_link(Ucm_Objects.java:50)
	at topicsSelenium.Ucm_Objects.BlackBoard_link(Ucm_Objects.java:50)
	at topicsSelenium.Ucm_Objects.BlackBoard_link(Ucm_Objects.java:50)
	at topicsSelenium.Ucm_Objects.BlackBoard_link(Ucm_Objects.java:50)
	at topicsSelenium.Ucm_Objects.BlackBoard_link(Ucm_Objects.java:50)
	at topicsSelenium.Ucm_Objects.BlackBoard_link(Ucm_Objects.java:50)
	at topicsSelenium.Ucm_Objects.BlackBoard_link(Ucm_Objects.java:50)
	at topicsSelenium.Ucm_Objects.BlackBoard_link(Ucm_Objects.java:50)
	at topicsSelenium.Ucm_Objects.BlackBoard_link(Ucm_Objects.java:50)
	at topicsSelenium.Ucm_Objects.BlackBoard_link(Ucm_Objects.java:50)
	at topicsSelenium.Ucm_Objects.BlackBoard_link(Ucm_Objects.java:50)
	at topicsSelenium.Ucm_Objects.BlackBoard_link(Ucm_Objects.java:50)
	at topicsSelenium.Ucm_Objects.BlackBoard_link(Ucm_Objects.java:50)
	at topicsSelenium.Ucm_Objects.BlackBoard_link(Ucm_Objects.java:50)
	at topicsSelenium.Ucm_Objects.BlackBoard_link(Ucm_Objects.java:50)
	at topicsSelenium.Ucm_Objects.BlackBoard_link(Ucm_Objects.java:50)
	at topicsSelenium.Ucm_Objects.BlackBoard_link(Ucm_Objects.java:50)
	at topicsSelenium.Ucm_Objects.BlackBoard_link(Ucm_Objects.java:50)
	at topicsSelenium.Ucm_Objects.BlackBoard_link(Ucm_Objects.java:50)
	at topicsSelenium.Ucm_Objects.BlackBoard_link(Ucm_Objects.java:50)
	at topicsSelenium.Ucm_Objects.BlackBoard_link(Ucm_Objects.java:50)
	at topicsSelenium.Ucm_Objects.BlackBoard_link(Ucm_Objects.java:50)
	at topicsSelenium.Ucm_Objects.BlackBoard_link(Ucm_Objects.java:50)
	at topicsSelenium.Ucm_Objects.BlackBoard_link(Ucm_Objects.java:50)
	at topicsSelenium.Ucm_Objects.BlackBoard_link(Ucm_Objects.java:50)
	at topicsSelenium.Ucm_Objects.BlackBoard_link(Ucm_Objects.java:50)
	at topicsSelenium.Ucm_Objects.BlackBoard_link(Ucm_Objects.java:50)
	at topicsSelenium.Ucm_Objects.BlackBoard_link(Ucm_Objects.java:50)
	at topicsSelenium.Ucm_Objects.BlackBoard_link(Ucm_Objects.java:50)
	at topicsSelenium.Ucm_Objects.BlackBoard_link(Ucm_Objects.java:50)
	at topicsSelenium.Ucm_Objects.BlackBoard_link(Ucm_Objects.java:50)
	at topicsSelenium.Ucm_Objects.BlackBoard_link(Ucm_Objects.java:50)
	at topicsSelenium.Ucm_Objects.BlackBoard_link(Ucm_Objects.java:50)
	at topicsSelenium.Ucm_Objects.BlackBoard_link(Ucm_Objects.java:50)
	at topicsSelenium.Ucm_Objects.BlackBoard_link(Ucm_Objects.java:50)
	at topicsSelenium.Ucm_Objects.BlackBoard_link(Ucm_Objects.java:50)
	at topicsSelenium.Ucm_Objects.BlackBoard_link(Ucm_Objects.java:50)
	at topicsSelenium.Ucm_Objects.BlackBoard_link(Ucm_Objects.java:50)
	at topicsSelenium.Ucm_Objects.BlackBoard_link(Ucm_Objects.java:50)
	at topicsSelenium.Ucm_Objects.BlackBoard_link(Ucm_Objects.java:50)
	at topicsSelenium.Ucm_Objects.BlackBoard_link(Ucm_Objects.java:50)
	at topicsSelenium.Ucm_Objects.BlackBoard_link(Ucm_Objects.java:50)
	at topicsSelenium.Ucm_Objects.BlackBoard_link(Ucm_Objects.java:50)
	at topicsSelenium.Ucm_Objects.BlackBoard_link(Ucm_Objects.java:50)
	at topicsSelenium.Ucm_Objects.BlackBoard_link(Ucm_Objects.java:50)
	at topicsSelenium.Ucm_Objects.BlackBoard_link(Ucm_Objects.java:50)
	at topicsSelenium.Ucm_Objects.BlackBoard_link(Ucm_Objects.java:50)
	at topicsSelenium.Ucm_Objects.BlackBoard_link(Ucm_Objects.java:50)
	at topicsSelenium.Ucm_Objects.BlackBoard_link(Ucm_Objects.java:50)
	at topicsSelenium.Ucm_Objects.BlackBoard_link(Ucm_Objects.java:50)
	at topicsSelenium.Ucm_Objects.BlackBoard_link(Ucm_Objects.java:50)
	at topicsSelenium.Ucm_Objects.BlackBoard_link(Ucm_Objects.java:50)
	at topicsSelenium.Ucm_Objects.BlackBoard_link(Ucm_Objects.java:50)
	at topicsSelenium.Ucm_Objects.BlackBoard_link(Ucm_Objects.java:50)
	at topicsSelenium.Ucm_Objects.BlackBoard_link(Ucm_Objects.java:50)
	at topicsSelenium.Ucm_Objects.BlackBoard_link(Ucm_Objects.java:50)
	at topicsSelenium.Ucm_Objects.BlackBoard_link(Ucm_Objects.java:50)
	at topicsSelenium.Ucm_Objects.BlackBoard_link(Ucm_Objects.java:50)
	at topicsSelenium.Ucm_Objects.BlackBoard_link(Ucm_Objects.java:50)
	at topicsSelenium.Ucm_Objects.BlackBoard_link(Ucm_Objects.java:50)
	at topicsSelenium.Ucm_Objects.BlackBoard_link(Ucm_Objects.java:50)
	at topicsSelenium.Ucm_Objects.BlackBoard_link(Ucm_Objects.java:50)
	at topicsSelenium.Ucm_Objects.BlackBoard_link(Ucm_Objects.java:50)
	at topicsSelenium.Ucm_Objects.BlackBoard_link(Ucm_Objects.java:50)
	at topicsSelenium.Ucm_Objects.BlackBoard_link(Ucm_Objects.java:50)
	at topicsSelenium.Ucm_Objects.BlackBoard_link(Ucm_Objects.java:50)
	at topicsSelenium.Ucm_Objects.BlackBoard_link(Ucm_Objects.java:50)
	at topicsSelenium.Ucm_Objects.BlackBoard_link(Ucm_Objects.java:50)
	at topicsSelenium.Ucm_Objects.BlackBoard_link(Ucm_Objects.java:50)
	at topicsSelenium.Ucm_Objects.BlackBoard_link(Ucm_Objects.java:50)
	at topicsSelenium.Ucm_Objects.BlackBoard_link(Ucm_Objects.java:50)
	at topicsSelenium.Ucm_Objects.BlackBoard_link(Ucm_Objects.java:50)
	at topicsSelenium.Ucm_Objects.BlackBoard_link(Ucm_Objects.java:50)
	at topicsSelenium.Ucm_Objects.BlackBoard_link(Ucm_Objects.java:50)
	at topicsSelenium.Ucm_Objects.BlackBoard_link(Ucm_Objects.java:50)
	at topicsSelenium.Ucm_Objects.BlackBoard_link(Ucm_Objects.java:50)
	at topicsSelenium.Ucm_Objects.BlackBoard_link(Ucm_Objects.java:50)
	at topicsSelenium.Ucm_Objects.BlackBoard_link(Ucm_Objects.java:50)
	at topicsSelenium.Ucm_Objects.BlackBoard_link(Ucm_Objects.java:50)
	at topicsSelenium.Ucm_Objects.BlackBoard_link(Ucm_Objects.java:50)
	at topicsSelenium.Ucm_Objects.BlackBoard_link(Ucm_Objects.java:50)
	at topicsSelenium.Ucm_Objects.BlackBoard_link(Ucm_Objects.java:50)
	at topicsSelenium.Ucm_Objects.BlackBoard_link(Ucm_Objects.java:50)
	at topicsSelenium.Ucm_Objects.BlackBoard_link(Ucm_Objects.java:50)
	at topicsSelenium.Ucm_Objects.BlackBoard_link(Ucm_Objects.java:50)
	at topicsSelenium.Ucm_Objects.BlackBoard_link(Ucm_Objects.java:50)
	at topicsSelenium.Ucm_Objects.BlackBoard_link(Ucm_Objects.java:50)
	at topicsSelenium.Ucm_Objects.BlackBoard_link(Ucm_Objects.java:50)
	at topicsSelenium.Ucm_Objects.BlackBoard_link(Ucm_Objects.java:50)
	at topicsSelenium.Ucm_Objects.BlackBoard_link(Ucm_Objects.java:50)
	at topicsSelenium.Ucm_Objects.BlackBoard_link(Ucm_Objects.java:50)
	at topicsSelenium.Ucm_Objects.BlackBoard_link(Ucm_Objects.java:50)
	at topicsSelenium.Ucm_Objects.BlackBoard_link(Ucm_Objects.java:50)
	at topicsSelenium.Ucm_Objects.BlackBoard_link(Ucm_Objects.java:50)
	at topicsSelenium.Ucm_Objects.BlackBoard_link(Ucm_Objects.java:50)
	at topicsSelenium.Ucm_Objects.BlackBoard_link(Ucm_Objects.java:50)
	at topicsSelenium.Ucm_Objects.BlackBoard_link(Ucm_Objects.java:50)
	at topicsSelenium.Ucm_Objects.BlackBoard_link(Ucm_Objects.java:50)
	at topicsSelenium.Ucm_Objects.BlackBoard_link(Ucm_Objects.java:50)
	at topicsSelenium.Ucm_Objects.BlackBoard_link(Ucm_Objects.java:50)
	at topicsSelenium.Ucm_Objects.BlackBoard_link(Ucm_Objects.java:50)
	at topicsSelenium.Ucm_Objects.BlackBoard_link(Ucm_Objects.java:50)
	at topicsSelenium.Ucm_Objects.BlackBoard_link(Ucm_Objects.java:50)
	at topicsSelenium.Ucm_Objects.BlackBoard_link(Ucm_Objects.java:50)
	at topicsSelenium.Ucm_Objects.BlackBoard_link(Ucm_Objects.java:50)
	at topicsSelenium.Ucm_Objects.BlackBoard_link(Ucm_Objects.java:50)
	at topicsSelenium.Ucm_Objects.BlackBoard_link(Ucm_Objects.java:50)
	at topicsSelenium.Ucm_Objects.BlackBoard_link(Ucm_Objects.java:50)
	at topicsSelenium.Ucm_Objects.BlackBoard_link(Ucm_Objects.java:50)
	at topicsSelenium.Ucm_Objects.BlackBoard_link(Ucm_Objects.java:50)
	at topicsSelenium.Ucm_Objects.BlackBoard_link(Ucm_Objects.java:50)
	at topicsSelenium.Ucm_Objects.BlackBoard_link(Ucm_Objects.java:50)
	at topicsSelenium.Ucm_Objects.BlackBoard_link(Ucm_Objects.java:50)
	at topicsSelenium.Ucm_Objects.BlackBoard_link(Ucm_Objects.java:50)
	at topicsSelenium.Ucm_Objects.BlackBoard_link(Ucm_Objects.java:50)
	at topicsSelenium.Ucm_Objects.BlackBoard_link(Ucm_Objects.java:50)
	at topicsSelenium.Ucm_Objects.BlackBoard_link(Ucm_Objects.java:50)
	at topicsSelenium.Ucm_Objects.BlackBoard_link(Ucm_Objects.java:50)
	at topicsSelenium.Ucm_Objects.BlackBoard_link(Ucm_Objects.java:50)
	at topicsSelenium.Ucm_Objects.BlackBoard_link(Ucm_Objects.java:50)
	at topicsSelenium.Ucm_Objects.BlackBoard_link(Ucm_Objects.java:50)
	at topicsSelenium.Ucm_Objects.BlackBoard_link(Ucm_Objects.java:50)
	at topicsSelenium.Ucm_Objects.BlackBoard_link(Ucm_Objects.java:50)
	at topicsSelenium.Ucm_Objects.BlackBoard_link(Ucm_Objects.java:50)
	at topicsSelenium.Ucm_Objects.BlackBoard_link(Ucm_Objects.java:50)
	at topicsSelenium.Ucm_Objects.BlackBoard_link(Ucm_Objects.java:50)
	at topicsSelenium.Ucm_Objects.BlackBoard_link(Ucm_Objects.java:50)
	at topicsSelenium.Ucm_Objects.BlackBoard_link(Ucm_Objects.java:50)
	at topicsSelenium.Ucm_Objects.BlackBoard_link(Ucm_Objects.java:50)
	at topicsSelenium.Ucm_Objects.BlackBoard_link(Ucm_Objects.java:50)
	at topicsSelenium.Ucm_Objects.BlackBoard_link(Ucm_Objects.java:50)
	at topicsSelenium.Ucm_Objects.BlackBoard_link(Ucm_Objects.java:50)
	at topicsSelenium.Ucm_Objects.BlackBoard_link(Ucm_Objects.java:50)
	at topicsSelenium.Ucm_Objects.BlackBoard_link(Ucm_Objects.java:50)
	at topicsSelenium.Ucm_Objects.BlackBoard_link(Ucm_Objects.java:50)
	at topicsSelenium.Ucm_Objects.BlackBoard_link(Ucm_Objects.java:50)
	at topicsSelenium.Ucm_Objects.BlackBoard_link(Ucm_Objects.java:50)
	at topicsSelenium.Ucm_Objects.BlackBoard_link(Ucm_Objects.java:50)
	at topicsSelenium.Ucm_Objects.BlackBoard_link(Ucm_Objects.java:50)
	at topicsSelenium.Ucm_Objects.BlackBoard_link(Ucm_Objects.java:50)
	at topicsSelenium.Ucm_Objects.BlackBoard_link(Ucm_Objects.java:50)
	at topicsSelenium.Ucm_Objects.BlackBoard_link(Ucm_Objects.java:50)
	at topicsSelenium.Ucm_Objects.BlackBoard_link(Ucm_Objects.java:50)
	at topicsSelenium.Ucm_Objects.BlackBoard_link(Ucm_Objects.java:50)
	at topicsSelenium.Ucm_Objects.BlackBoard_link(Ucm_Objects.java:50)
	at topicsSelenium.Ucm_Objects.BlackBoard_link(Ucm_Objects.java:50)
	at topicsSelenium.Ucm_Objects.BlackBoard_link(Ucm_Objects.java:50)
	at topicsSelenium.Ucm_Objects.BlackBoard_link(Ucm_Objects.java:50)
	at topicsSelenium.Ucm_Objects.BlackBoard_link(Ucm_Objects.java:50)
	at topicsSelenium.Ucm_Objects.BlackBoard_link(Ucm_Objects.java:50)
	at topicsSelenium.Ucm_Objects.BlackBoard_link(Ucm_Objects.java:50)
	at topicsSelenium.Ucm_Objects.BlackBoard_link(Ucm_Objects.java:50)
	at topicsSelenium.Ucm_Objects.BlackBoard_link(Ucm_Objects.java:50)
	at topicsSelenium.Ucm_Objects.BlackBoard_link(Ucm_Objects.java:50)
	at topicsSelenium.Ucm_Objects.BlackBoard_link(Ucm_Objects.java:50)
	at topicsSelenium.Ucm_Objects.BlackBoard_link(Ucm_Objects.java:50)
	at topicsSelenium.Ucm_Objects.BlackBoard_link(Ucm_Objects.java:50)
	at topicsSelenium.Ucm_Objects.BlackBoard_link(Ucm_Objects.java:50)
	at topicsSelenium.Ucm_Objects.BlackBoard_link(Ucm_Objects.java:50)
	at topicsSelenium.Ucm_Objects.BlackBoard_link(Ucm_Objects.java:50)
	at topicsSelenium.Ucm_Objects.BlackBoard_link(Ucm_Objects.java:50)
	at topicsSelenium.Ucm_Objects.BlackBoard_link(Ucm_Objects.java:50)
	at topicsSelenium.Ucm_Objects.BlackBoard_link(Ucm_Objects.java:50)
	at topicsSelenium.Ucm_Objects.BlackBoard_link(Ucm_Objects.java:50)
	at topicsSelenium.Ucm_Objects.BlackBoard_link(Ucm_Objects.java:50)
	at topicsSelenium.Ucm_Objects.BlackBoard_link(Ucm_Objects.java:50)
	at topicsSelenium.Ucm_Objects.BlackBoard_link(Ucm_Objects.java:50)
	at topicsSelenium.Ucm_Objects.BlackBoard_link(Ucm_Objects.java:50)
	at topicsSelenium.Ucm_Objects.BlackBoard_link(Ucm_Objects.java:50)
	at topicsSelenium.Ucm_Objects.BlackBoard_link(Ucm_Objects.java:50)
	at topicsSelenium.Ucm_Objects.BlackBoard_link(Ucm_Objects.java:50)
	at topicsSelenium.Ucm_Objects.BlackBoard_link(Ucm_Objects.java:50)
	at topicsSelenium.Ucm_Objects.BlackBoard_link(Ucm_Objects.java:50)
	at topicsSelenium.Ucm_Objects.BlackBoard_link(Ucm_Objects.java:50)
	at topicsSelenium.Ucm_Objects.BlackBoard_link(Ucm_Objects.java:50)
	at topicsSelenium.Ucm_Objects.BlackBoard_link(Ucm_Objects.java:50)
	at topicsSelenium.Ucm_Objects.BlackBoard_link(Ucm_Objects.java:50)
	at topicsSelenium.Ucm_Objects.BlackBoard_link(Ucm_Objects.java:50)
	at topicsSelenium.Ucm_Objects.BlackBoard_link(Ucm_Objects.java:50)
	at topicsSelenium.Ucm_Objects.BlackBoard_link(Ucm_Objects.java:50)
	at topicsSelenium.Ucm_Objects.BlackBoard_link(Ucm_Objects.java:50)
	at topicsSelenium.Ucm_Objects.BlackBoard_link(Ucm_Objects.java:50)
	at topicsSelenium.Ucm_Objects.BlackBoard_link(Ucm_Objects.java:50)
	at topicsSelenium.Ucm_Objects.BlackBoard_link(Ucm_Objects.java:50)
	at topicsSelenium.Ucm_Objects.BlackBoard_link(Ucm_Objects.java:50)
	at topicsSelenium.Ucm_Objects.BlackBoard_link(Ucm_Objects.java:50)
	at topicsSelenium.Ucm_Objects.BlackBoard_link(Ucm_Objects.java:50)
	at topicsSelenium.Ucm_Objects.BlackBoard_link(Ucm_Objects.java:50)
	at topicsSelenium.Ucm_Objects.BlackBoard_link(Ucm_Objects.java:50)
	at topicsSelenium.Ucm_Objects.BlackBoard_link(Ucm_Objects.java:50)
	at topicsSelenium.Ucm_Objects.BlackBoard_link(Ucm_Objects.java:50)
	at topicsSelenium.Ucm_Objects.BlackBoard_link(Ucm_Objects.java:50)
	at topicsSelenium.Ucm_Objects.BlackBoard_link(Ucm_Objects.java:50)
	at topicsSelenium.Ucm_Objects.BlackBoard_link(Ucm_Objects.java:50)
	at topicsSelenium.Ucm_Objects.BlackBoard_link(Ucm_Objects.java:50)
	at topicsSelenium.Ucm_Objects.BlackBoard_link(Ucm_Objects.java:50)
	at topicsSelenium.Ucm_Objects.BlackBoard_link(Ucm_Objects.java:50)
	at topicsSelenium.Ucm_Objects.BlackBoard_link(Ucm_Objects.java:50)
	at topicsSelenium.Ucm_Objects.BlackBoard_link(Ucm_Objects.java:50)
	at topicsSelenium.Ucm_Objects.BlackBoard_link(Ucm_Objects.java:50)
	at topicsSelenium.Ucm_Objects.BlackBoard_link(Ucm_Objects.java:50)
	at topicsSelenium.Ucm_Objects.BlackBoard_link(Ucm_Objects.java:50)
	at topicsSelenium.Ucm_Objects.BlackBoard_link(Ucm_Objects.java:50)
	at topicsSelenium.Ucm_Objects.BlackBoard_link(Ucm_Objects.java:50)
	at topicsSelenium.Ucm_Objects.BlackBoard_link(Ucm_Objects.java:50)
	at topicsSelenium.Ucm_Objects.BlackBoard_link(Ucm_Objects.java:50)
	at topicsSelenium.Ucm_Objects.BlackBoard_link(Ucm_Objects.java:50)
	at topicsSelenium.Ucm_Objects.BlackBoard_link(Ucm_Objects.java:50)
	at topicsSelenium.Ucm_Objects.BlackBoard_link(Ucm_Objects.java:50)
	at topicsSelenium.Ucm_Objects.BlackBoard_link(Ucm_Objects.java:50)
	at topicsSelenium.Ucm_Objects.BlackBoard_link(Ucm_Objects.java:50)
	at topicsSelenium.Ucm_Objects.BlackBoard_link(Ucm_Objects.java:50)
	at topicsSelenium.Ucm_Objects.BlackBoard_link(Ucm_Objects.java:50)
	at topicsSelenium.Ucm_Objects.BlackBoard_link(Ucm_Objects.java:50)
	at topicsSelenium.Ucm_Objects.BlackBoard_link(Ucm_Objects.java:50)
	at topicsSelenium.Ucm_Objects.BlackBoard_link(Ucm_Objects.java:50)
	at topicsSelenium.Ucm_Objects.BlackBoard_link(Ucm_Objects.java:50)
	at topicsSelenium.Ucm_Objects.BlackBoard_link(Ucm_Objects.java:50)
	at topicsSelenium.Ucm_Objects.BlackBoard_link(Ucm_Objects.java:50)
	at topicsSelenium.Ucm_Objects.BlackBoard_link(Ucm_Objects.java:50)
	at topicsSelenium.Ucm_Objects.BlackBoard_link(Ucm_Objects.java:50)
	at topicsSelenium.Ucm_Objects.BlackBoard_link(Ucm_Objects.java:50)
	at topicsSelenium.Ucm_Objects.BlackBoard_link(Ucm_Objects.java:50)
	at topicsSelenium.Ucm_Objects.BlackBoard_link(Ucm_Objects.java:50)
	at topicsSelenium.Ucm_Objects.BlackBoard_link(Ucm_Objects.java:50)
	at topicsSelenium.Ucm_Objects.BlackBoard_link(Ucm_Objects.java:50)
	at topicsSelenium.Ucm_Objects.BlackBoard_link(Ucm_Objects.java:50)
	at topicsSelenium.Ucm_Objects.BlackBoard_link(Ucm_Objects.java:50)
	at topicsSelenium.Ucm_Objects.BlackBoard_link(Ucm_Objects.java:50)
	at topicsSelenium.Ucm_Objects.BlackBoard_link(Ucm_Objects.java:50)
	at topicsSelenium.Ucm_Objects.BlackBoard_link(Ucm_Objects.java:50)
	at topicsSelenium.Ucm_Objects.BlackBoard_link(Ucm_Objects.java:50)
	at topicsSelenium.Ucm_Objects.BlackBoard_link(Ucm_Objects.java:50)
	at topicsSelenium.Ucm_Objects.BlackBoard_link(Ucm_Objects.java:50)
	at topicsSelenium.Ucm_Objects.BlackBoard_link(Ucm_Objects.java:50)
	at topicsSelenium.Ucm_Objects.BlackBoard_link(Ucm_Objects.java:50)
	at topicsSelenium.Ucm_Objects.BlackBoard_link(Ucm_Objects.java:50)
	at topicsSelenium.Ucm_Objects.BlackBoard_link(Ucm_Objects.java:50)
	at topicsSelenium.Ucm_Objects.BlackBoard_link(Ucm_Objects.java:50)
	at topicsSelenium.Ucm_Objects.BlackBoard_link(Ucm_Objects.java:50)
	at topicsSelenium.Ucm_Objects.BlackBoard_link(Ucm_Objects.java:50)
	at topicsSelenium.Ucm_Objects.BlackBoard_link(Ucm_Objects.java:50)
	at topicsSelenium.Ucm_Objects.BlackBoard_link(Ucm_Objects.java:50)
	at topicsSelenium.Ucm_Objects.BlackBoard_link(Ucm_Objects.java:50)
	at topicsSelenium.Ucm_Objects.BlackBoard_link(Ucm_Objects.java:50)
	at topicsSelenium.Ucm_Objects.BlackBoard_link(Ucm_Objects.java:50)
	at topicsSelenium.Ucm_Objects.BlackBoard_link(Ucm_Objects.java:50)
	at topicsSelenium.Ucm_Objects.BlackBoard_link(Ucm_Objects.java:50)
	at topicsSelenium.Ucm_Objects.BlackBoard_link(Ucm_Objects.java:50)
	at topicsSelenium.Ucm_Objects.BlackBoard_link(Ucm_Objects.java:50)
	at topicsSelenium.Ucm_Objects.BlackBoard_link(Ucm_Objects.java:50)
	at topicsSelenium.Ucm_Objects.BlackBoard_link(Ucm_Objects.java:50)
	at topicsSelenium.Ucm_Objects.BlackBoard_link(Ucm_Objects.java:50)
	at topicsSelenium.Ucm_Objects.BlackBoard_link(Ucm_Objects.java:50)
	at topicsSelenium.Ucm_Objects.BlackBoard_link(Ucm_Objects.java:50)
	at topicsSelenium.Ucm_Objects.BlackBoard_link(Ucm_Objects.java:50)
	at topicsSelenium.Ucm_Objects.BlackBoard_link(Ucm_Objects.java:50)
	at topicsSelenium.Ucm_Objects.BlackBoard_link(Ucm_Objects.java:50)
	at topicsSelenium.Ucm_Objects.BlackBoard_link(Ucm_Objects.java:50)
	at topicsSelenium.Ucm_Objects.BlackBoard_link(Ucm_Objects.java:50)
	at topicsSelenium.Ucm_Objects.BlackBoard_link(Ucm_Objects.java:50)
	at topicsSelenium.Ucm_Objects.BlackBoard_link(Ucm_Objects.java:50)
	at topicsSelenium.Ucm_Objects.BlackBoard_link(Ucm_Objects.java:50)
	at topicsSelenium.Ucm_Objects.BlackBoard_link(Ucm_Objects.java:50)
	at topicsSelenium.Ucm_Objects.BlackBoard_link(Ucm_Objects.java:50)
	at topicsSelenium.Ucm_Objects.BlackBoard_link(Ucm_Objects.java:50)
	at topicsSelenium.Ucm_Objects.BlackBoard_link(Ucm_Objects.java:50)
	at topicsSelenium.Ucm_Objects.BlackBoard_link(Ucm_Objects.java:50)
	at topicsSelenium.Ucm_Objects.BlackBoard_link(Ucm_Objects.java:50)
	at topicsSelenium.Ucm_Objects.BlackBoard_link(Ucm_Objects.java:50)
	at topicsSelenium.Ucm_Objects.BlackBoard_link(Ucm_Objects.java:50)
	at topicsSelenium.Ucm_Objects.BlackBoard_link(Ucm_Objects.java:50)
	at topicsSelenium.Ucm_Objects.BlackBoard_link(Ucm_Objects.java:50)
	at topicsSelenium.Ucm_Objects.BlackBoard_link(Ucm_Objects.java:50)
	at topicsSelenium.Ucm_Objects.BlackBoard_link(Ucm_Objects.java:50)
	at topicsSelenium.Ucm_Objects.BlackBoard_link(Ucm_Objects.java:50)
	at topicsSelenium.Ucm_Objects.BlackBoard_link(Ucm_Objects.java:50)
	at topicsSelenium.Ucm_Objects.BlackBoard_link(Ucm_Objects.java:50)
	at topicsSelenium.Ucm_Objects.BlackBoard_link(Ucm_Objects.java:50)
	at topicsSelenium.Ucm_Objects.BlackBoard_link(Ucm_Objects.java:50)
	at topicsSelenium.Ucm_Objects.BlackBoard_link(Ucm_Objects.java:50)
	at topicsSelenium.Ucm_Objects.BlackBoard_link(Ucm_Objects.java:50)
	at topicsSelenium.Ucm_Objects.BlackBoard_link(Ucm_Objects.java:50)
	at topicsSelenium.Ucm_Objects.BlackBoard_link(Ucm_Objects.java:50)
	at topicsSelenium.Ucm_Objects.BlackBoard_link(Ucm_Objects.java:50)
	at topicsSelenium.Ucm_Objects.BlackBoard_link(Ucm_Objects.java:50)
	at topicsSelenium.Ucm_Objects.BlackBoard_link(Ucm_Objects.java:50)
	at topicsSelenium.Ucm_Objects.BlackBoard_link(Ucm_Objects.java:50)
	at topicsSelenium.Ucm_Objects.BlackBoard_link(Ucm_Objects.java:50)
	at topicsSelenium.Ucm_Objects.BlackBoard_link(Ucm_Objects.java:50)
	at topicsSelenium.Ucm_Objects.BlackBoard_link(Ucm_Objects.java:50)
	at topicsSelenium.Ucm_Objects.BlackBoard_link(Ucm_Objects.java:50)
	at topicsSelenium.Ucm_Objects.BlackBoard_link(Ucm_Objects.java:50)
	at topicsSelenium.Ucm_Objects.BlackBoard_link(Ucm_Objects.java:50)
	at topicsSelenium.Ucm_Objects.BlackBoard_link(Ucm_Objects.java:50)
	at topicsSelenium.Ucm_Objects.BlackBoard_link(Ucm_Objects.java:50)
	at topicsSelenium.Ucm_Objects.BlackBoard_link(Ucm_Objects.java:50)
	at topicsSelenium.Ucm_Objects.BlackBoard_link(Ucm_Objects.java:50)
	at topicsSelenium.Ucm_Objects.BlackBoard_link(Ucm_Objects.java:50)
	at topicsSelenium.Ucm_Objects.BlackBoard_link(Ucm_Objects.java:50)
	at topicsSelenium.Ucm_Objects.BlackBoard_link(Ucm_Objects.java:50)
	at topicsSelenium.Ucm_Objects.BlackBoard_link(Ucm_Objects.java:50)
	at topicsSelenium.Ucm_Objects.BlackBoard_link(Ucm_Objects.java:50)
	at topicsSelenium.Ucm_Objects.BlackBoard_link(Ucm_Objects.java:50)
	at topicsSelenium.Ucm_Objects.BlackBoard_link(Ucm_Objects.java:50)
	at topicsSelenium.Ucm_Objects.BlackBoard_link(Ucm_Objects.java:50)
	at topicsSelenium.Ucm_Objects.BlackBoard_link(Ucm_Objects.java:50)
	at topicsSelenium.Ucm_Objects.BlackBoard_link(Ucm_Objects.java:50)
	at topicsSelenium.Ucm_Objects.BlackBoard_link(Ucm_Objects.java:50)
	at topicsSelenium.Ucm_Objects.BlackBoard_link(Ucm_Objects.java:50)
	at topicsSelenium.Ucm_Objects.BlackBoard_link(Ucm_Objects.java:50)
	at topicsSelenium.Ucm_Objects.BlackBoard_link(Ucm_Objects.java:50)
	at topicsSelenium.Ucm_Objects.BlackBoard_link(Ucm_Objects.java:50)
	at topicsSelenium.Ucm_Objects.BlackBoard_link(Ucm_Objects.java:50)
	at topicsSelenium.Ucm_Objects.BlackBoard_link(Ucm_Objects.java:50)
	at topicsSelenium.Ucm_Objects.BlackBoard_link(Ucm_Objects.java:50)
	at topicsSelenium.Ucm_Objects.BlackBoard_link(Ucm_Objects.java:50)
	at topicsSelenium.Ucm_Objects.BlackBoard_link(Ucm_Objects.java:50)
	at topicsSelenium.Ucm_Objects.BlackBoard_link(Ucm_Objects.java:50)
	at topicsSelenium.Ucm_Objects.BlackBoard_link(Ucm_Objects.java:50)
	at topicsSelenium.Ucm_Objects.BlackBoard_link(Ucm_Objects.java:50)
	at topicsSelenium.Ucm_Objects.BlackBoard_link(Ucm_Objects.java:50)
	at topicsSelenium.Ucm_Objects.BlackBoard_link(Ucm_Objects.java:50)
	at topicsSelenium.Ucm_Objects.BlackBoard_link(Ucm_Objects.java:50)
	at topicsSelenium.Ucm_Objects.BlackBoard_link(Ucm_Objects.java:50)
	at topicsSelenium.Ucm_Objects.BlackBoard_link(Ucm_Objects.java:50)
	at topicsSelenium.Ucm_Objects.BlackBoard_link(Ucm_Objects.java:50)
	at topicsSelenium.Ucm_Objects.BlackBoard_link(Ucm_Objects.java:50)
	at topicsSelenium.Ucm_Objects.BlackBoard_link(Ucm_Objects.java:50)
	at topicsSelenium.Ucm_Objects.BlackBoard_link(Ucm_Objects.java:50)
	at topicsSelenium.Ucm_Objects.BlackBoard_link(Ucm_Objects.java:50)
	at topicsSelenium.Ucm_Objects.BlackBoard_link(Ucm_Objects.java:50)
	at topicsSelenium.Ucm_Objects.BlackBoard_link(Ucm_Objects.java:50)
	at topicsSelenium.Ucm_Objects.BlackBoard_link(Ucm_Objects.java:50)
	at topicsSelenium.Ucm_Objects.BlackBoard_link(Ucm_Objects.java:50)
	at topicsSelenium.Ucm_Objects.BlackBoard_link(Ucm_Objects.java:50)
	at topicsSelenium.Ucm_Objects.BlackBoard_link(Ucm_Objects.java:50)
	at topicsSelenium.Ucm_Objects.BlackBoard_link(Ucm_Objects.java:50)
	at topicsSelenium.Ucm_Objects.BlackBoard_link(Ucm_Objects.java:50)
	at topicsSelenium.Ucm_Objects.BlackBoard_link(Ucm_Objects.java:50)
	at topicsSelenium.Ucm_Objects.BlackBoard_link(Ucm_Objects.java:50)
	at topicsSelenium.Ucm_Objects.BlackBoard_link(Ucm_Objects.java:50)
	at topicsSelenium.Ucm_Objects.BlackBoard_link(Ucm_Objects.java:50)
	at topicsSelenium.Ucm_Objects.BlackBoard_link(Ucm_Objects.java:50)
	at topicsSelenium.Ucm_Objects.BlackBoard_link(Ucm_Objects.java:50)
	at topicsSelenium.Ucm_Objects.BlackBoard_link(Ucm_Objects.java:50)
	at topicsSelenium.Ucm_Objects.BlackBoard_link(Ucm_Objects.java:50)
	at topicsSelenium.Ucm_Objects.BlackBoard_link(Ucm_Objects.java:50)
	at topicsSelenium.Ucm_Objects.BlackBoard_link(Ucm_Objects.java:50)
	at topicsSelenium.Ucm_Objects.BlackBoard_link(Ucm_Objects.java:50)
	at topicsSelenium.Ucm_Objects.BlackBoard_link(Ucm_Objects.java:50)
	at topicsSelenium.Ucm_Objects.BlackBoard_link(Ucm_Objects.java:50)
	at topicsSelenium.Ucm_Objects.BlackBoard_link(Ucm_Objects.java:50)
	at topicsSelenium.Ucm_Objects.BlackBoard_link(Ucm_Objects.java:50)
	at topicsSelenium.Ucm_Objects.BlackBoard_link(Ucm_Objects.java:50)
	at topicsSelenium.Ucm_Objects.BlackBoard_link(Ucm_Objects.java:50)
	at topicsSelenium.Ucm_Objects.BlackBoard_link(Ucm_Objects.java:50)
	at topicsSelenium.Ucm_Objects.BlackBoard_link(Ucm_Objects.java:50)
	at topicsSelenium.Ucm_Objects.BlackBoard_link(Ucm_Objects.java:50)
	at topicsSelenium.Ucm_Objects.BlackBoard_link(Ucm_Objects.java:50)
	at topicsSelenium.Ucm_Objects.BlackBoard_link(Ucm_Objects.java:50)
	at topicsSelenium.Ucm_Objects.BlackBoard_link(Ucm_Objects.java:50)
	at topicsSelenium.Ucm_Objects.BlackBoard_link(Ucm_Objects.java:50)
	at topicsSelenium.Ucm_Objects.BlackBoard_link(Ucm_Objects.java:50)
	at topicsSelenium.Ucm_Objects.BlackBoard_link(Ucm_Objects.java:50)
	at topicsSelenium.Ucm_Objects.BlackBoard_link(Ucm_Objects.java:50)
	at topicsSelenium.Ucm_Objects.BlackBoard_link(Ucm_Objects.java:50)
	at topicsSelenium.Ucm_Objects.BlackBoard_link(Ucm_Objects.java:50)
	at topicsSelenium.Ucm_Objects.BlackBoard_link(Ucm_Objects.java:50)
	at topicsSelenium.Ucm_Objects.BlackBoard_link(Ucm_Objects.java:50)
	at topicsSelenium.Ucm_Objects.BlackBoard_link(Ucm_Objects.java:50)
	at topicsSelenium.Ucm_Objects.BlackBoard_link(Ucm_Objects.java:50)
	at topicsSelenium.Ucm_Objects.BlackBoard_link(Ucm_Objects.java:50)
	at topicsSelenium.Ucm_Objects.BlackBoard_link(Ucm_Objects.java:50)
	at topicsSelenium.Ucm_Objects.BlackBoard_link(Ucm_Objects.java:50)
	at topicsSelenium.Ucm_Objects.BlackBoard_link(Ucm_Objects.java:50)
	at topicsSelenium.Ucm_Objects.BlackBoard_link(Ucm_Objects.java:50)
	at topicsSelenium.Ucm_Objects.BlackBoard_link(Ucm_Objects.java:50)
	at topicsSelenium.Ucm_Objects.BlackBoard_link(Ucm_Objects.java:50)
	at topicsSelenium.Ucm_Objects.BlackBoard_link(Ucm_Objects.java:50)
	at topicsSelenium.Ucm_Objects.BlackBoard_link(Ucm_Objects.java:50)
	at topicsSelenium.Ucm_Objects.BlackBoard_link(Ucm_Objects.java:50)
	at topicsSelenium.Ucm_Objects.BlackBoard_link(Ucm_Objects.java:50)
	at topicsSelenium.Ucm_Objects.BlackBoard_link(Ucm_Objects.java:50)
	at topicsSelenium.Ucm_Objects.BlackBoard_link(Ucm_Objects.java:50)
	at topicsSelenium.Ucm_Objects.BlackBoard_link(Ucm_Objects.java:50)
	at topicsSelenium.Ucm_Objects.BlackBoard_link(Ucm_Objects.java:50)
	at topicsSelenium.Ucm_Objects.BlackBoard_link(Ucm_Objects.java:50)
	at topicsSelenium.Ucm_Objects.BlackBoard_link(Ucm_Objects.java:50)
	at topicsSelenium.Ucm_Objects.BlackBoard_link(Ucm_Objects.java:50)
	at topicsSelenium.Ucm_Objects.BlackBoard_link(Ucm_Objects.java:50)
	at topicsSelenium.Ucm_Objects.BlackBoard_link(Ucm_Objects.java:50)
	at topicsSelenium.Ucm_Objects.BlackBoard_link(Ucm_Objects.java:50)
	at topicsSelenium.Ucm_Objects.BlackBoard_link(Ucm_Objects.java:50)
	at topicsSelenium.Ucm_Objects.BlackBoard_link(Ucm_Objects.java:50)
	at topicsSelenium.Ucm_Objects.BlackBoard_link(Ucm_Objects.java:50)
	at topicsSelenium.Ucm_Objects.BlackBoard_link(Ucm_Objects.java:50)
	at topicsSelenium.Ucm_Objects.BlackBoard_link(Ucm_Objects.java:50)
	at topicsSelenium.Ucm_Objects.BlackBoard_link(Ucm_Objects.java:50)
	at topicsSelenium.Ucm_Objects.BlackBoard_link(Ucm_Objects.java:50)
	at topicsSelenium.Ucm_Objects.BlackBoard_link(Ucm_Objects.java:50)
	at topicsSelenium.Ucm_Objects.BlackBoard_link(Ucm_Objects.java:50)
	at topicsSelenium.Ucm_Objects.BlackBoard_link(Ucm_Objects.java:50)
	at topicsSelenium.Ucm_Objects.BlackBoard_link(Ucm_Objects.java:50)
	at topicsSelenium.Ucm_Objects.BlackBoard_link(Ucm_Objects.java:50)
	at topicsSelenium.Ucm_Objects.BlackBoard_link(Ucm_Objects.java:50)
	at topicsSelenium.Ucm_Objects.BlackBoard_link(Ucm_Objects.java:50)
	at topicsSelenium.Ucm_Objects.BlackBoard_link(Ucm_Objects.java:50)
	at topicsSelenium.Ucm_Objects.BlackBoard_link(Ucm_Objects.java:50)
	at topicsSelenium.Ucm_Objects.BlackBoard_link(Ucm_Objects.java:50)
	at topicsSelenium.Ucm_Objects.BlackBoard_link(Ucm_Objects.java:50)
	at topicsSelenium.Ucm_Objects.BlackBoard_link(Ucm_Objects.java:50)
	at topicsSelenium.Ucm_Objects.BlackBoard_link(Ucm_Objects.java:50)
	at topicsSelenium.Ucm_Objects.BlackBoard_link(Ucm_Objects.java:50)
	at topicsSelenium.Ucm_Objects.BlackBoard_link(Ucm_Objects.java:50)
	at topicsSelenium.Ucm_Objects.BlackBoard_link(Ucm_Objects.java:50)
	at topicsSelenium.Ucm_Objects.BlackBoard_link(Ucm_Objects.java:50)
	at topicsSelenium.Ucm_Objects.BlackBoard_link(Ucm_Objects.java:50)
	at topicsSelenium.Ucm_Objects.BlackBoard_link(Ucm_Objects.java:50)
	at topicsSelenium.Ucm_Objects.BlackBoard_link(Ucm_Objects.java:50)
	at topicsSelenium.Ucm_Objects.BlackBoard_link(Ucm_Objects.java:50)
	at topicsSelenium.Ucm_Objects.BlackBoard_link(Ucm_Objects.java:50)
	at topicsSelenium.Ucm_Objects.BlackBoard_link(Ucm_Objects.java:50)
	at topicsSelenium.Ucm_Objects.BlackBoard_link(Ucm_Objects.java:50)
	at topicsSelenium.Ucm_Objects.BlackBoard_link(Ucm_Objects.java:50)
	at topicsSelenium.Ucm_Objects.BlackBoard_link(Ucm_Objects.java:50)
	at topicsSelenium.Ucm_Objects.BlackBoard_link(Ucm_Objects.java:50)
	at topicsSelenium.Ucm_Objects.BlackBoard_link(Ucm_Objects.java:50)
	at topicsSelenium.Ucm_Objects.BlackBoard_link(Ucm_Objects.java:50)
	at topicsSelenium.Ucm_Objects.BlackBoard_link(Ucm_Objects.java:50)
	at topicsSelenium.Ucm_Objects.BlackBoard_link(Ucm_Objects.java:50)
	at topicsSelenium.Ucm_Objects.BlackBoard_link(Ucm_Objects.java:50)
	at topicsSelenium.Ucm_Objects.BlackBoard_link(Ucm_Objects.java:50)
	at topicsSelenium.Ucm_Objects.BlackBoard_link(Ucm_Objects.java:50)
	at topicsSelenium.Ucm_Objects.BlackBoard_link(Ucm_Objects.java:50)
	at topicsSelenium.Ucm_Objects.BlackBoard_link(Ucm_Objects.java:50)
	at topicsSelenium.Ucm_Objects.BlackBoard_link(Ucm_Objects.java:50)
	at topicsSelenium.Ucm_Objects.BlackBoard_link(Ucm_Objects.java:50)
	at topicsSelenium.Ucm_Objects.BlackBoard_link(Ucm_Objects.java:50)
	at topicsSelenium.Ucm_Objects.BlackBoard_link(Ucm_Objects.java:50)
	at topicsSelenium.Ucm_Objects.BlackBoard_link(Ucm_Objects.java:50)
	at topicsSelenium.Ucm_Objects.BlackBoard_link(Ucm_Objects.java:50)
	at topicsSelenium.Ucm_Objects.BlackBoard_link(Ucm_Objects.java:50)
	at topicsSelenium.Ucm_Objects.BlackBoard_link(Ucm_Objects.java:50)
	at topicsSelenium.Ucm_Objects.BlackBoard_link(Ucm_Objects.java:50)
	at topicsSelenium.Ucm_Objects.BlackBoard_link(Ucm_Objects.java:50)
	at topicsSelenium.Ucm_Objects.BlackBoard_link(Ucm_Objects.java:50)
	at topicsSelenium.Ucm_Objects.BlackBoard_link(Ucm_Objects.java:50)
	at topicsSelenium.Ucm_Objects.BlackBoard_link(Ucm_Objects.java:50)
	at topicsSelenium.Ucm_Objects.BlackBoard_link(Ucm_Objects.java:50)
	at topicsSelenium.Ucm_Objects.BlackBoard_link(Ucm_Objects.java:50)
	at topicsSelenium.Ucm_Objects.BlackBoard_link(Ucm_Objects.java:50)
	at topicsSelenium.Ucm_Objects.BlackBoard_link(Ucm_Objects.java:50)
	at topicsSelenium.Ucm_Objects.BlackBoard_link(Ucm_Objects.java:50)
	at topicsSelenium.Ucm_Objects.BlackBoard_link(Ucm_Objects.java:50)
	at topicsSelenium.Ucm_Objects.BlackBoard_link(Ucm_Objects.java:50)
	at topicsSelenium.Ucm_Objects.BlackBoard_link(Ucm_Objects.java:50)
	at topicsSelenium.Ucm_Objects.BlackBoard_link(Ucm_Objects.java:50)
	at topicsSelenium.Ucm_Objects.BlackBoard_link(Ucm_Objects.java:50)
	at topicsSelenium.Ucm_Objects.BlackBoard_link(Ucm_Objects.java:50)
	at topicsSelenium.Ucm_Objects.BlackBoard_link(Ucm_Objects.java:50)
	at topicsSelenium.Ucm_Objects.BlackBoard_link(Ucm_Objects.java:50)
	at topicsSelenium.Ucm_Objects.BlackBoard_link(Ucm_Objects.java:50)
	at topicsSelenium.Ucm_Objects.BlackBoard_link(Ucm_Objects.java:50)
	at topicsSelenium.Ucm_Objects.BlackBoard_link(Ucm_Objects.java:50)
	at topicsSelenium.Ucm_Objects.BlackBoard_link(Ucm_Objects.java:50)
	at topicsSelenium.Ucm_Objects.BlackBoard_link(Ucm_Objects.java:50)
	at topicsSelenium.Ucm_Objects.BlackBoard_link(Ucm_Objects.java:50)
	at topicsSelenium.Ucm_Objects.BlackBoard_link(Ucm_Objects.java:50)
	at topicsSelenium.Ucm_Objects.BlackBoard_link(Ucm_Objects.java:50)
	at topicsSelenium.Ucm_Objects.BlackBoard_link(Ucm_Objects.java:50)
	at topicsSelenium.Ucm_Objects.BlackBoard_link(Ucm_Objects.java:50)
	at topicsSelenium.Ucm_Objects.BlackBoard_link(Ucm_Objects.java:50)
	at topicsSelenium.Ucm_Objects.BlackBoard_link(Ucm_Objects.java:50)
	at topicsSelenium.Ucm_Objects.BlackBoard_link(Ucm_Objects.java:50)
	at topicsSelenium.Ucm_Objects.BlackBoard_link(Ucm_Objects.java:50)
	at topicsSelenium.Ucm_Objects.BlackBoard_link(Ucm_Objects.java:50)
	at topicsSelenium.Ucm_Objects.BlackBoard_link(Ucm_Objects.java:50)
	at topicsSelenium.Ucm_Objects.BlackBoard_link(Ucm_Objects.java:50)
	at topicsSelenium.Ucm_Objects.BlackBoard_link(Ucm_Objects.java:50)
	at topicsSelenium.Ucm_Objects.BlackBoard_link(Ucm_Objects.java:50)
	at topicsSelenium.Ucm_Objects.BlackBoard_link(Ucm_Objects.java:50)
	at topicsSelenium.Ucm_Objects.BlackBoard_link(Ucm_Objects.java:50)
	at topicsSelenium.Ucm_Objects.BlackBoard_link(Ucm_Objects.java:50)
	at topicsSelenium.Ucm_Objects.BlackBoard_link(Ucm_Objects.java:50)
	at topicsSelenium.Ucm_Objects.BlackBoard_link(Ucm_Objects.java:50)
	at topicsSelenium.Ucm_Objects.BlackBoard_link(Ucm_Objects.java:50)
	at topicsSelenium.Ucm_Objects.BlackBoard_link(Ucm_Objects.java:50)
	at topicsSelenium.Ucm_Objects.BlackBoard_link(Ucm_Objects.java:50)
	at topicsSelenium.Ucm_Objects.BlackBoard_link(Ucm_Objects.java:50)
	at topicsSelenium.Ucm_Objects.BlackBoard_link(Ucm_Objects.java:50)
	at topicsSelenium.Ucm_Objects.BlackBoard_link(Ucm_Objects.java:50)
	at topicsSelenium.Ucm_Objects.BlackBoard_link(Ucm_Objects.java:50)
	at topicsSelenium.Ucm_Objects.BlackBoard_link(Ucm_Objects.java:50)
	at topicsSelenium.Ucm_Objects.BlackBoard_link(Ucm_Objects.java:50)
	at topicsSelenium.Ucm_Objects.BlackBoard_link(Ucm_Objects.java:50)
	at topicsSelenium.Ucm_Objects.BlackBoard_link(Ucm_Objects.java:50)
	at topicsSelenium.Ucm_Objects.BlackBoard_link(Ucm_Objects.java:50)
	at topicsSelenium.Ucm_Objects.BlackBoard_link(Ucm_Objects.java:50)
	at topicsSelenium.Ucm_Objects.BlackBoard_link(Ucm_Objects.java:50)
	at topicsSelenium.Ucm_Objects.BlackBoard_link(Ucm_Objects.java:50)
	at topicsSelenium.Ucm_Objects.BlackBoard_link(Ucm_Objects.java:50)
	at topicsSelenium.Ucm_Objects.BlackBoard_link(Ucm_Objects.java:50)
	at topicsSelenium.Ucm_Objects.BlackBoard_link(Ucm_Objects.java:50)
	at topicsSelenium.Ucm_Objects.BlackBoard_link(Ucm_Objects.java:50)
	at topicsSelenium.Ucm_Objects.BlackBoard_link(Ucm_Objects.java:50)
	at topicsSelenium.Ucm_Objects.BlackBoard_link(Ucm_Objects.java:50)
	at topicsSelenium.Ucm_Objects.BlackBoard_link(Ucm_Objects.java:50)
	at topicsSelenium.Ucm_Objects.BlackBoard_link(Ucm_Objects.java:50)
	at topicsSelenium.Ucm_Objects.BlackBoard_link(Ucm_Objects.java:50)
	at topicsSelenium.Ucm_Objects.BlackBoard_link(Ucm_Objects.java:50)
	at topicsSelenium.Ucm_Objects.BlackBoard_link(Ucm_Objects.java:50)
	at topicsSelenium.Ucm_Objects.BlackBoard_link(Ucm_Objects.java:50)
	at topicsSelenium.Ucm_Objects.BlackBoard_link(Ucm_Objects.java:50)
	at topicsSelenium.Ucm_Objects.BlackBoard_link(Ucm_Objects.java:50)
	at topicsSelenium.Ucm_Objects.BlackBoard_link(Ucm_Objects.java:50)
	at topicsSelenium.Ucm_Objects.BlackBoard_link(Ucm_Objects.java:50)
	at topicsSelenium.Ucm_Objects.BlackBoard_link(Ucm_Objects.java:50)
	at topicsSelenium.Ucm_Objects.BlackBoard_link(Ucm_Objects.java:50)
	at topicsSelenium.Ucm_Objects.BlackBoard_link(Ucm_Objects.java:50)
	at topicsSelenium.Ucm_Objects.BlackBoard_link(Ucm_Objects.java:50)
	at topicsSelenium.Ucm_Objects.BlackBoard_link(Ucm_Objects.java:50)
	at topicsSelenium.Ucm_Objects.BlackBoard_link(Ucm_Objects.java:50)
	at topicsSelenium.Ucm_Objects.BlackBoard_link(Ucm_Objects.java:50)
	at topicsSelenium.Ucm_Objects.BlackBoard_link(Ucm_Objects.java:50)
	at topicsSelenium.Ucm_Objects.BlackBoard_link(Ucm_Objects.java:50)
	at topicsSelenium.Ucm_Objects.BlackBoard_link(Ucm_Objects.java:50)
	at topicsSelenium.Ucm_Objects.BlackBoard_link(Ucm_Objects.java:50)
	at topicsSelenium.Ucm_Objects.BlackBoard_link(Ucm_Objects.java:50)
	at topicsSelenium.Ucm_Objects.BlackBoard_link(Ucm_Objects.java:50)
	at topicsSelenium.Ucm_Objects.BlackBoard_link(Ucm_Objects.java:50)
	at topicsSelenium.Ucm_Objects.BlackBoard_link(Ucm_Objects.java:50)
	at topicsSelenium.Ucm_Objects.BlackBoard_link(Ucm_Objects.java:50)
	at topicsSelenium.Ucm_Objects.BlackBoard_link(Ucm_Objects.java:50)
	at topicsSelenium.Ucm_Objects.BlackBoard_link(Ucm_Objects.java:50)
	at topicsSelenium.Ucm_Objects.BlackBoard_link(Ucm_Objects.java:50)
	at topicsSelenium.Ucm_Objects.BlackBoard_link(Ucm_Objects.java:50)
	at topicsSelenium.Ucm_Objects.BlackBoard_link(Ucm_Objects.java:50)
	at topicsSelenium.Ucm_Objects.BlackBoard_link(Ucm_Objects.java:50)
	at topicsSelenium.Ucm_Objects.BlackBoard_link(Ucm_Objects.java:50)
	at topicsSelenium.Ucm_Objects.BlackBoard_link(Ucm_Objects.java:50)
	at topicsSelenium.Ucm_Objects.BlackBoard_link(Ucm_Objects.java:50)
	at topicsSelenium.Ucm_Objects.BlackBoard_link(Ucm_Objects.java:50)
	at topicsSelenium.Ucm_Objects.BlackBoard_link(Ucm_Objects.java:50)
	at topicsSelenium.Ucm_Objects.BlackBoard_link(Ucm_Objects.java:50)
	at topicsSelenium.Ucm_Objects.BlackBoard_link(Ucm_Objects.java:50)
	at topicsSelenium.Ucm_Objects.BlackBoard_link(Ucm_Objects.java:50)
	at topicsSelenium.Ucm_Objects.BlackBoard_link(Ucm_Objects.java:50)
	at topicsSelenium.Ucm_Objects.BlackBoard_link(Ucm_Objects.java:50)
	at topicsSelenium.Ucm_Objects.BlackBoard_link(Ucm_Objects.java:50)
	at topicsSelenium.Ucm_Objects.BlackBoard_link(Ucm_Objects.java:50)
	at topicsSelenium.Ucm_Objects.BlackBoard_link(Ucm_Objects.java:50)
	at topicsSelenium.Ucm_Objects.BlackBoard_link(Ucm_Objects.java:50)
	at topicsSelenium.Ucm_Objects.BlackBoard_link(Ucm_Objects.java:50)
	at topicsSelenium.Ucm_Objects.BlackBoard_link(Ucm_Objects.java:50)
	at topicsSelenium.Ucm_Objects.BlackBoard_link(Ucm_Objects.java:50)
	at topicsSelenium.Ucm_Objects.BlackBoard_link(Ucm_Objects.java:50)
	at topicsSelenium.Ucm_Objects.BlackBoard_link(Ucm_Objects.java:50)
	at topicsSelenium.Ucm_Objects.BlackBoard_link(Ucm_Objects.java:50)
	at topicsSelenium.Ucm_Objects.BlackBoard_link(Ucm_Objects.java:50)
	at topicsSelenium.Ucm_Objects.BlackBoard_link(Ucm_Objects.java:50)
	at topicsSelenium.Ucm_Objects.BlackBoard_link(Ucm_Objects.java:50)
	at topicsSelenium.Ucm_Objects.BlackBoard_link(Ucm_Objects.java:50)
	at topicsSelenium.Ucm_Objects.BlackBoard_link(Ucm_Objects.java:50)
	at topicsSelenium.Ucm_Objects.BlackBoard_link(Ucm_Objects.java:50)
	at topicsSelenium.Ucm_Objects.BlackBoard_link(Ucm_Objects.java:50)
	at topicsSelenium.Ucm_Objects.BlackBoard_link(Ucm_Objects.java:50)
	at topicsSelenium.Ucm_Objects.BlackBoard_link(Ucm_Objects.java:50)
	at topicsSelenium.Ucm_Objects.BlackBoard_link(Ucm_Objects.java:50)
	at topicsSelenium.Ucm_Objects.BlackBoard_link(Ucm_Objects.java:50)
	at topicsSelenium.Ucm_Objects.BlackBoard_link(Ucm_Objects.java:50)
	at topicsSelenium.Ucm_Objects.BlackBoard_link(Ucm_Objects.java:50)
	at topicsSelenium.Ucm_Objects.BlackBoard_link(Ucm_Objects.java:50)
	at topicsSelenium.Ucm_Objects.BlackBoard_link(Ucm_Objects.java:50)
	at topicsSelenium.Ucm_Objects.BlackBoard_link(Ucm_Objects.java:50)
	at topicsSelenium.Ucm_Objects.BlackBoard_link(Ucm_Objects.java:50)
	at topicsSelenium.Ucm_Objects.BlackBoard_link(Ucm_Objects.java:50)
	at topicsSelenium.Ucm_Objects.BlackBoard_link(Ucm_Objects.java:50)
	at topicsSelenium.Ucm_Objects.BlackBoard_link(Ucm_Objects.java:50)
	at topicsSelenium.Ucm_Objects.BlackBoard_link(Ucm_Objects.java:50)
	at topicsSelenium.Ucm_Objects.BlackBoard_link(Ucm_Objects.java:50)
	at topicsSelenium.Ucm_Objects.BlackBoard_link(Ucm_Objects.java:50)
	at topicsSelenium.Ucm_Objects.BlackBoard_link(Ucm_Objects.java:50)
	at topicsSelenium.Ucm_Objects.BlackBoard_link(Ucm_Objects.java:50)
	at topicsSelenium.Ucm_Objects.BlackBoard_link(Ucm_Objects.java:50)
	at topicsSelenium.Ucm_Objects.BlackBoard_link(Ucm_Objects.java:50)
	at topicsSelenium.Ucm_Objects.BlackBoard_link(Ucm_Objects.java:50)
	at topicsSelenium.Ucm_Objects.BlackBoard_link(Ucm_Objects.java:50)
	at topicsSelenium.Ucm_Objects.BlackBoard_link(Ucm_Objects.java:50)
	at topicsSelenium.Ucm_Objects.BlackBoard_link(Ucm_Objects.java:50)
	at topicsSelenium.Ucm_Objects.BlackBoard_link(Ucm_Objects.java:50)
	at topicsSelenium.Ucm_Objects.BlackBoard_link(Ucm_Objects.java:50)
	at topicsSelenium.Ucm_Objects.BlackBoard_link(Ucm_Objects.java:50)
	at topicsSelenium.Ucm_Objects.BlackBoard_link(Ucm_Objects.java:50)
	at topicsSelenium.Ucm_Objects.BlackBoard_link(Ucm_Objects.java:50)
	at topicsSelenium.Ucm_Objects.BlackBoard_link(Ucm_Objects.java:50)
	at topicsSelenium.Ucm_Objects.BlackBoard_link(Ucm_Objects.java:50)
	at topicsSelenium.Ucm_Objects.BlackBoard_link(Ucm_Objects.java:50)
	at topicsSelenium.Ucm_Objects.BlackBoard_link(Ucm_Objects.java:50)
	at topicsSelenium.Ucm_Objects.BlackBoard_link(Ucm_Objects.java:50)
	at topicsSelenium.Ucm_Objects.BlackBoard_link(Ucm_Objects.java:50)
	at topicsSelenium.Ucm_Objects.BlackBoard_link(Ucm_Objects.java:50)
	at topicsSelenium.Ucm_Objects.BlackBoard_link(Ucm_Objects.java:50)
	at topicsSelenium.Ucm_Objects.BlackBoard_link(Ucm_Objects.java:50)
	at topicsSelenium.Ucm_Objects.BlackBoard_link(Ucm_Objects.java:50)
	at topicsSelenium.Ucm_Objects.BlackBoard_link(Ucm_Objects.java:50)
	at topicsSelenium.Ucm_Objects.BlackBoard_link(Ucm_Objects.java:50)
	at topicsSelenium.Ucm_Objects.BlackBoard_link(Ucm_Objects.java:50)
	at topicsSelenium.Ucm_Objects.BlackBoard_link(Ucm_Objects.java:50)
	at topicsSelenium.Ucm_Objects.BlackBoard_link(Ucm_Objects.java:50)
	at topicsSelenium.Ucm_Objects.BlackBoard_link(Ucm_Objects.java:50)
	at topicsSelenium.Ucm_Objects.BlackBoard_link(Ucm_Objects.java:50)
	at topicsSelenium.Ucm_Objects.BlackBoard_link(Ucm_Objects.java:50)
	at topicsSelenium.Ucm_Objects.BlackBoard_link(Ucm_Objects.java:50)
	at topicsSelenium.Ucm_Objects.BlackBoard_link(Ucm_Objects.java:50)
	at topicsSelenium.Ucm_Objects.BlackBoard_link(Ucm_Objects.java:50)
	at topicsSelenium.Ucm_Objects.BlackBoard_link(Ucm_Objects.java:50)
	at topicsSelenium.Ucm_Objects.BlackBoard_link(Ucm_Objects.java:50)
	at topicsSelenium.Ucm_Objects.BlackBoard_link(Ucm_Objects.java:50)
	at topicsSelenium.Ucm_Objects.BlackBoard_link(Ucm_Objects.java:50)
	at topicsSelenium.Ucm_Objects.BlackBoard_link(Ucm_Objects.java:50)
	at topicsSelenium.Ucm_Objects.BlackBoard_link(Ucm_Objects.java:50)
	at topicsSelenium.Ucm_Objects.BlackBoard_link(Ucm_Objects.java:50)
	at topicsSelenium.Ucm_Objects.BlackBoard_link(Ucm_Objects.java:50)
	at topicsSelenium.Ucm_Objects.BlackBoard_link(Ucm_Objects.java:50)
	at topicsSelenium.Ucm_Objects.BlackBoard_link(Ucm_Objects.java:50)
	at topicsSelenium.Ucm_Objects.BlackBoard_link(Ucm_Objects.java:50)
	at topicsSelenium.Ucm_Objects.BlackBoard_link(Ucm_Objects.java:50)
	at topicsSelenium.Ucm_Objects.BlackBoard_link(Ucm_Objects.java:50)
	at topicsSelenium.Ucm_Objects.BlackBoard_link(Ucm_Objects.java:50)
	at topicsSelenium.Ucm_Objects.BlackBoard_link(Ucm_Objects.java:50)
	at topicsSelenium.Ucm_Objects.BlackBoard_link(Ucm_Objects.java:50)
	at topicsSelenium.Ucm_Objects.BlackBoard_link(Ucm_Objects.java:50)
	at topicsSelenium.Ucm_Objects.BlackBoard_link(Ucm_Objects.java:50)
	at topicsSelenium.Ucm_Objects.BlackBoard_link(Ucm_Objects.java:50)
	at topicsSelenium.Ucm_Objects.BlackBoard_link(Ucm_Objects.java:50)
	at topicsSelenium.Ucm_Objects.BlackBoard_link(Ucm_Objects.java:50)
	at topicsSelenium.Ucm_Objects.BlackBoard_link(Ucm_Objects.java:50)
	at topicsSelenium.Ucm_Objects.BlackBoard_link(Ucm_Objects.java:50)
	at topicsSelenium.Ucm_Objects.BlackBoard_link(Ucm_Objects.java:50)
	at topicsSelenium.Ucm_Objects.BlackBoard_link(Ucm_Objects.java:50)
	at topicsSelenium.Ucm_Objects.BlackBoard_link(Ucm_Objects.java:50)
	at topicsSelenium.Ucm_Objects.BlackBoard_link(Ucm_Objects.java:50)
	at topicsSelenium.Ucm_Objects.BlackBoard_link(Ucm_Objects.java:50)
	at topicsSelenium.Ucm_Objects.BlackBoard_link(Ucm_Objects.java:50)
	at topicsSelenium.Ucm_Objects.BlackBoard_link(Ucm_Objects.java:50)
	at topicsSelenium.Ucm_Objects.BlackBoard_link(Ucm_Objects.java:50)
	at topicsSelenium.Ucm_Objects.BlackBoard_link(Ucm_Objects.java:50)
	at topicsSelenium.Ucm_Objects.BlackBoard_link(Ucm_Objects.java:50)
	at topicsSelenium.Ucm_Objects.BlackBoard_link(Ucm_Objects.java:50)
	at topicsSelenium.Ucm_Objects.BlackBoard_link(Ucm_Objects.java:50)
	at topicsSelenium.Ucm_Objects.BlackBoard_link(Ucm_Objects.java:50)
	at topicsSelenium.Ucm_Objects.BlackBoard_link(Ucm_Objects.java:50)
	at topicsSelenium.Ucm_Objects.BlackBoard_link(Ucm_Objects.java:50)
	at topicsSelenium.Ucm_Objects.BlackBoard_link(Ucm_Objects.java:50)
	at topicsSelenium.Ucm_Objects.BlackBoard_link(Ucm_Objects.java:50)
	at topicsSelenium.Ucm_Objects.BlackBoard_link(Ucm_Objects.java:50)
	at topicsSelenium.Ucm_Objects.BlackBoard_link(Ucm_Objects.java:50)
	at topicsSelenium.Ucm_Objects.BlackBoard_link(Ucm_Objects.java:50)
	at topicsSelenium.Ucm_Objects.BlackBoard_link(Ucm_Objects.java:50)
	at topicsSelenium.Ucm_Objects.BlackBoard_link(Ucm_Objects.java:50)
	at topicsSelenium.Ucm_Objects.BlackBoard_link(Ucm_Objects.java:50)
	at topicsSelenium.Ucm_Objects.BlackBoard_link(Ucm_Objects.java:50)
	at topicsSelenium.Ucm_Objects.BlackBoard_link(Ucm_Objects.java:50)
]]>
    </error>
  </testcase> <!-- BlackboardLink -->
  <testcase name="NavLinks" time="43.838" classname="topicsSelenium.HomePage"/>
  <testcase name="Success" time="0.002" classname="topicsSelenium.HomePage"/>
</testsuite> <!-- topicsSelenium.HomePage -->
