<?xml version="1.0" encoding="UTF-8"?>
<!-- Generated by org.testng.reporters.JUnitReportReporter -->
<testsuite hostname="Analyst" name="topicsSelenium.ExampleTestNGLog4j" tests="1" failures="0" timestamp="15 Apr 2017 01:00:47 GMT" time="1.925" errors="0">
  <testcase name="login" time="1.925" classname="topicsSelenium.ExampleTestNGLog4j"/>
</testsuite> <!-- topicsSelenium.ExampleTestNGLog4j -->
