<?xml version="1.0" encoding="UTF-8"?>
<!-- Generated by org.testng.reporters.JUnitReportReporter -->
<testsuite hostname="Analyst" name="topicsSelenium.SauceLabs" tests="1" failures="0" timestamp="14 Apr 2017 20:10:01 GMT" time="14.981" errors="0">
  <testcase name="SauceLabsTest" time="14.981" classname="topicsSelenium.SauceLabs"/>
</testsuite> <!-- topicsSelenium.SauceLabs -->
