<?xml version="1.0" encoding="UTF-8"?>
<!-- Generated by org.testng.reporters.JUnitReportReporter -->
<testsuite hostname="Analyst" name="topicsAppium.Android_BuiltIn_Apps" tests="1" failures="0" timestamp="15 Apr 2017 21:06:07 GMT" time="14.805" errors="0">
  <testcase name="test_bultin_Apps" time="14.805" classname="topicsAppium.Android_BuiltIn_Apps"/>
</testsuite> <!-- topicsAppium.Android_BuiltIn_Apps -->
